TpTrace Verbose: 0 : 26804, 1, 2024/07/17, 23:46:23.593, 2950547651882, vstest.console.dll, Version: 17.10.0-release-24272-11 Current process architecture: X64
TpTrace Verbose: 0 : 26804, 1, 2024/07/17, 23:46:23.595, 2950547671251, vstest.console.dll, Runtime location: C:\Program Files\dotnet\shared\Microsoft.NETCore.App\8.0.7
TpTrace Verbose: 0 : 26804, 1, 2024/07/17, 23:46:23.597, 2950547690818, vstest.console.dll, ArtifactProcessingPostProcessModeProcessorExecutor.Initialize: ArtifactProcessingMode.Collect
TpTrace Verbose: 0 : 26804, 1, 2024/07/17, 23:46:23.597, 2950547691878, vstest.console.dll, TestSessionCorrelationIdProcessorModeProcessorExecutor.Initialize: TestSessionCorrelationId '34564_d09b74df-94b6-45e0-8c30-55565fd756e4'
TpTrace Information: 0 : 26804, 1, 2024/07/17, 23:46:23.601, 2950547736860, vstest.console.dll, FilePatternParser: The given file C:\Users\liton\OneDrive\Desktop\tech_review\tech_exercise_v.0.0.4\tech_exercise\package\exercise1\stargate.tests\bin\Debug\net8.0\fine-code-coverage\build-output\stargate.tests.dll is a full path.
TpTrace Verbose: 0 : 26804, 1, 2024/07/17, 23:46:23.605, 2950547772340, vstest.console.dll, TestPluginCache.DiscoverTestExtensions: finding test extensions in assemblies ends with: RuntimeProvider.dll TPluginInfo: Microsoft.VisualStudio.TestPlatform.Common.ExtensionFramework.Utilities.TestRuntimePluginInformation TExtension: Microsoft.VisualStudio.TestPlatform.ObjectModel.Host.ITestRuntimeProvider
TpTrace Verbose: 0 : 26804, 1, 2024/07/17, 23:46:23.605, 2950547774817, vstest.console.dll, TestPluginCache.GetExtensionPaths: Filtered extension paths: 
TpTrace Verbose: 0 : 26804, 1, 2024/07/17, 23:46:23.605, 2950547775355, vstest.console.dll, TestPluginCache.GetExtensionPaths: Added default extension paths: C:\Program Files\dotnet\sdk\8.0.303\Extensions\Microsoft.Diagnostics.NETCore.Client.dll
C:\Program Files\dotnet\sdk\8.0.303\Extensions\Microsoft.TestPlatform.Extensions.BlameDataCollector.dll
C:\Program Files\dotnet\sdk\8.0.303\Extensions\Microsoft.TestPlatform.Extensions.EventLogCollector.dll
C:\Program Files\dotnet\sdk\8.0.303\Extensions\Microsoft.TestPlatform.TestHostRuntimeProvider.dll
C:\Program Files\dotnet\sdk\8.0.303\Extensions\Microsoft.VisualStudio.TestPlatform.Extensions.Html.TestLogger.dll
C:\Program Files\dotnet\sdk\8.0.303\Extensions\Microsoft.VisualStudio.TestPlatform.Extensions.Trx.TestLogger.dll
TpTrace Verbose: 0 : 26804, 1, 2024/07/17, 23:46:23.605, 2950547775520, vstest.console.dll, TestPluginCache.GetExtensionPaths: Added unfilterableExtensionPaths: 
TpTrace Information: 0 : 26804, 1, 2024/07/17, 23:46:23.606, 2950547779058, vstest.console.dll, AssemblyResolver.ctor: Creating AssemblyResolver with searchDirectories C:\Program Files\dotnet\sdk\8.0.303\Extensions,C:\Program Files\dotnet\sdk\8.0.303
TpTrace Verbose: 0 : 26804, 1, 2024/07/17, 23:46:23.606, 2950547787119, vstest.console.dll, TestPluginCache.DiscoverTestExtensions: Discovering the extensions using extension path.
TpTrace Verbose: 0 : 26804, 1, 2024/07/17, 23:46:23.607, 2950547788023, vstest.console.dll, TestPluginCache.GetExtensionPaths: Filtered extension paths: 
TpTrace Verbose: 0 : 26804, 1, 2024/07/17, 23:46:23.607, 2950547788272, vstest.console.dll, TestPluginCache.GetExtensionPaths: Added default extension paths: C:\Program Files\dotnet\sdk\8.0.303\Extensions\Microsoft.Diagnostics.NETCore.Client.dll
C:\Program Files\dotnet\sdk\8.0.303\Extensions\Microsoft.TestPlatform.Extensions.BlameDataCollector.dll
C:\Program Files\dotnet\sdk\8.0.303\Extensions\Microsoft.TestPlatform.Extensions.EventLogCollector.dll
C:\Program Files\dotnet\sdk\8.0.303\Extensions\Microsoft.TestPlatform.TestHostRuntimeProvider.dll
C:\Program Files\dotnet\sdk\8.0.303\Extensions\Microsoft.VisualStudio.TestPlatform.Extensions.Html.TestLogger.dll
C:\Program Files\dotnet\sdk\8.0.303\Extensions\Microsoft.VisualStudio.TestPlatform.Extensions.Trx.TestLogger.dll
TpTrace Verbose: 0 : 26804, 1, 2024/07/17, 23:46:23.607, 2950547788420, vstest.console.dll, TestPluginCache.GetExtensionPaths: Added unfilterableExtensionPaths: 
TpTrace Verbose: 0 : 26804, 1, 2024/07/17, 23:46:23.607, 2950547789142, vstest.console.dll, TestPluginCache.DiscoverTestExtensions: Discovering the extensions using allExtensionPaths: C:\Program Files\dotnet\sdk\8.0.303\Extensions\Microsoft.Diagnostics.NETCore.Client.dll
C:\Program Files\dotnet\sdk\8.0.303\Extensions\Microsoft.TestPlatform.Extensions.BlameDataCollector.dll
C:\Program Files\dotnet\sdk\8.0.303\Extensions\Microsoft.TestPlatform.Extensions.EventLogCollector.dll
C:\Program Files\dotnet\sdk\8.0.303\Extensions\Microsoft.TestPlatform.TestHostRuntimeProvider.dll
C:\Program Files\dotnet\sdk\8.0.303\Extensions\Microsoft.VisualStudio.TestPlatform.Extensions.Html.TestLogger.dll
C:\Program Files\dotnet\sdk\8.0.303\Extensions\Microsoft.VisualStudio.TestPlatform.Extensions.Trx.TestLogger.dll
TpTrace Information: 0 : 26804, 1, 2024/07/17, 23:46:23.607, 2950547789699, vstest.console.dll, AssemblyResolver.AddSearchDirectories: Adding more searchDirectories C:\Program Files\dotnet\sdk\8.0.303\Extensions,C:\Program Files\dotnet\sdk\8.0.303
TpTrace Information: 0 : 26804, 1, 2024/07/17, 23:46:23.607, 2950547789940, vstest.console.dll, AssemblyResolver.AddSearchDirectories: Adding more searchDirectories C:\Program Files\dotnet\sdk\8.0.303\Extensions,C:\Program Files\dotnet\sdk\8.0.303
TpTrace Information: 0 : 26804, 1, 2024/07/17, 23:46:23.607, 2950547790105, vstest.console.dll, AssemblyResolver.AddSearchDirectories: Adding more searchDirectories C:\Program Files\dotnet\sdk\8.0.303\Extensions,C:\Program Files\dotnet\sdk\8.0.303
TpTrace Information: 0 : 26804, 1, 2024/07/17, 23:46:23.607, 2950547790236, vstest.console.dll, AssemblyResolver.AddSearchDirectories: Adding more searchDirectories C:\Program Files\dotnet\sdk\8.0.303\Extensions,C:\Program Files\dotnet\sdk\8.0.303
TpTrace Information: 0 : 26804, 1, 2024/07/17, 23:46:23.607, 2950547790365, vstest.console.dll, AssemblyResolver.AddSearchDirectories: Adding more searchDirectories C:\Program Files\dotnet\sdk\8.0.303\Extensions,C:\Program Files\dotnet\sdk\8.0.303
TpTrace Information: 0 : 26804, 1, 2024/07/17, 23:46:23.607, 2950547790508, vstest.console.dll, AssemblyResolver.AddSearchDirectories: Adding more searchDirectories C:\Program Files\dotnet\sdk\8.0.303\Extensions,C:\Program Files\dotnet\sdk\8.0.303
TpTrace Information: 0 : 26804, 1, 2024/07/17, 23:46:23.607, 2950547793512, vstest.console.dll, AssemblyResolver.OnResolve: Microsoft.Diagnostics.NETCore.Client: Resolving assembly.
TpTrace Information: 0 : 26804, 1, 2024/07/17, 23:46:23.607, 2950547793997, vstest.console.dll, AssemblyResolver.OnResolve: Microsoft.Diagnostics.NETCore.Client: Searching in: 'C:\Program Files\dotnet\sdk\8.0.303\Extensions'.
TpTrace Information: 0 : 26804, 1, 2024/07/17, 23:46:23.612, 2950547843487, vstest.console.dll, AssemblyResolver.OnResolve: Microsoft.Diagnostics.NETCore.Client: Loading assembly 'C:\Program Files\dotnet\sdk\8.0.303\Extensions\Microsoft.Diagnostics.NETCore.Client.dll'.
TpTrace Information: 0 : 26804, 1, 2024/07/17, 23:46:23.613, 2950547850037, vstest.console.dll, AssemblyResolver.OnResolve: Resolved assembly: Microsoft.Diagnostics.NETCore.Client, from path: C:\Program Files\dotnet\sdk\8.0.303\Extensions\Microsoft.Diagnostics.NETCore.Client.dll
TpTrace Verbose: 0 : 26804, 1, 2024/07/17, 23:46:23.616, 2950547878770, vstest.console.dll, MetadataReaderExtensionsHelper: Discovering extensions inside assembly 'Microsoft.Diagnostics.NETCore.Client, Version=0.2.10.15101, Culture=neutral, PublicKeyToken=31bf3856ad364e35' file path 'C:\Program Files\dotnet\sdk\8.0.303\Extensions\Microsoft.Diagnostics.NETCore.Client.dll'
TpTrace Information: 0 : 26804, 1, 2024/07/17, 23:46:23.619, 2950547907741, vstest.console.dll, AssemblyResolver.OnResolve: Microsoft.Bcl.AsyncInterfaces: Resolving assembly.
TpTrace Information: 0 : 26804, 1, 2024/07/17, 23:46:23.619, 2950547908618, vstest.console.dll, AssemblyResolver.OnResolve: Microsoft.Bcl.AsyncInterfaces: Searching in: 'C:\Program Files\dotnet\sdk\8.0.303\Extensions'.
TpTrace Information: 0 : 26804, 1, 2024/07/17, 23:46:23.619, 2950547909177, vstest.console.dll, AssemblyResolver.OnResolve: Microsoft.Bcl.AsyncInterfaces: Assembly path does not exist: 'C:\Program Files\dotnet\sdk\8.0.303\Extensions\Microsoft.Bcl.AsyncInterfaces.dll', returning.
TpTrace Information: 0 : 26804, 1, 2024/07/17, 23:46:23.619, 2950547909910, vstest.console.dll, AssemblyResolver.OnResolve: Microsoft.Bcl.AsyncInterfaces: Assembly path does not exist: 'C:\Program Files\dotnet\sdk\8.0.303\Extensions\Microsoft.Bcl.AsyncInterfaces.exe', returning.
TpTrace Information: 0 : 26804, 1, 2024/07/17, 23:46:23.619, 2950547910069, vstest.console.dll, AssemblyResolver.OnResolve: Microsoft.Bcl.AsyncInterfaces: Searching in: 'C:\Program Files\dotnet\sdk\8.0.303'.
TpTrace Information: 0 : 26804, 1, 2024/07/17, 23:46:23.619, 2950547910378, vstest.console.dll, AssemblyResolver.OnResolve: Microsoft.Bcl.AsyncInterfaces: Assembly path does not exist: 'C:\Program Files\dotnet\sdk\8.0.303\Microsoft.Bcl.AsyncInterfaces.dll', returning.
TpTrace Information: 0 : 26804, 1, 2024/07/17, 23:46:23.619, 2950547910603, vstest.console.dll, AssemblyResolver.OnResolve: Microsoft.Bcl.AsyncInterfaces: Assembly path does not exist: 'C:\Program Files\dotnet\sdk\8.0.303\Microsoft.Bcl.AsyncInterfaces.exe', returning.
TpTrace Information: 0 : 26804, 1, 2024/07/17, 23:46:23.619, 2950547910732, vstest.console.dll, AssemblyResolver.OnResolve: Microsoft.Bcl.AsyncInterfaces: Failed to load assembly.
TpTrace Verbose: 0 : 26804, 1, 2024/07/17, 23:46:23.619, 2950547910977, vstest.console.dll, CurrentDomainAssemblyResolve: Resolving assembly 'Microsoft.Bcl.AsyncInterfaces'.
TpTrace Information: 0 : 26804, 1, 2024/07/17, 23:46:23.619, 2950547911349, vstest.console.dll, AssemblyResolver.OnResolve: Microsoft.Bcl.AsyncInterfaces: Resolving assembly.
TpTrace Information: 0 : 26804, 1, 2024/07/17, 23:46:23.619, 2950547911541, vstest.console.dll, AssemblyResolver.OnResolve: Microsoft.Bcl.AsyncInterfaces: Resolved from cache.
TpTrace Verbose: 0 : 26804, 1, 2024/07/17, 23:46:23.619, 2950547911666, vstest.console.dll, CurrentDomainAssemblyResolve: Resolving assembly 'Microsoft.Bcl.AsyncInterfaces'.
TpTrace Verbose: 0 : 26804, 1, 2024/07/17, 23:46:23.619, 2950547911842, vstest.console.dll, CurrentDomainAssemblyResolve: Failed to resolve assembly 'Microsoft.Bcl.AsyncInterfaces'.
TpTrace Verbose: 0 : 26804, 1, 2024/07/17, 23:46:23.620, 2950547918187, vstest.console.dll, CurrentDomainAssemblyResolve: Failed to resolve assembly 'Microsoft.Bcl.AsyncInterfaces'.
TpTrace Warning: 0 : 26804, 1, 2024/07/17, 23:46:23.626, 2950547978079, vstest.console.dll, TestPluginDiscoverer: Failed to get types from assembly 'Microsoft.Diagnostics.NETCore.Client, Version=0.2.10.15101, Culture=neutral, PublicKeyToken=31bf3856ad364e35'. Error: System.Reflection.ReflectionTypeLoadException: Unable to load one or more of the requested types.
Could not load file or assembly 'Microsoft.Bcl.AsyncInterfaces, Version=6.0.0.0, Culture=neutral, PublicKeyToken=cc7b13ffcd2ddd51'. The system cannot find the file specified.
   at System.Reflection.RuntimeModule.GetTypes(RuntimeModule module)
   at System.Reflection.RuntimeModule.GetTypes()
   at Microsoft.VisualStudio.TestPlatform.Common.ExtensionFramework.TestPluginDiscoverer.GetTestExtensionsFromAssembly[TPluginInfo,TExtension](Assembly assembly, Dictionary`2 pluginInfos, String filePath) in /_/src/Microsoft.TestPlatform.Common/ExtensionFramework/TestPluginDiscoverer.cs:line 158
System.IO.FileNotFoundException: Could not load file or assembly 'Microsoft.Bcl.AsyncInterfaces, Version=6.0.0.0, Culture=neutral, PublicKeyToken=cc7b13ffcd2ddd51'. The system cannot find the file specified.
File name: 'Microsoft.Bcl.AsyncInterfaces, Version=6.0.0.0, Culture=neutral, PublicKeyToken=cc7b13ffcd2ddd51'
 ---> System.IO.FileNotFoundException: Could not load file or assembly 'Microsoft.Bcl.AsyncInterfaces, Culture=neutral, PublicKeyToken=null'. The system cannot find the file specified.
File name: 'Microsoft.Bcl.AsyncInterfaces, Culture=neutral, PublicKeyToken=null'
   at System.Reflection.RuntimeAssembly.InternalLoad(AssemblyName assemblyName, StackCrawlMark& stackMark, AssemblyLoadContext assemblyLoadContext, RuntimeAssembly requestingAssembly, Boolean throwOnFileNotFound)
   at System.Reflection.Assembly.Load(AssemblyName assemblyRef)
   at Microsoft.VisualStudio.TestPlatform.Common.ExtensionFramework.TestPluginCache.CurrentDomainAssemblyResolve(Object sender, AssemblyResolveEventArgs args) in /_/src/Microsoft.TestPlatform.Common/ExtensionFramework/TestPluginCache.cs:line 513
   at System.Runtime.Loader.AssemblyLoadContext.GetFirstResolvedAssemblyFromResolvingEvent(AssemblyName assemblyName)
   at System.Runtime.Loader.AssemblyLoadContext.ResolveUsingEvent(AssemblyName assemblyName)
   at System.Runtime.Loader.AssemblyLoadContext.ResolveUsingResolvingEvent(IntPtr gchManagedAssemblyLoadContext, AssemblyName assemblyName)
TpTrace Warning: 0 : 26804, 1, 2024/07/17, 23:46:23.626, 2950547980270, vstest.console.dll, LoaderExceptions: System.IO.FileNotFoundException: Could not load file or assembly 'Microsoft.Bcl.AsyncInterfaces, Version=6.0.0.0, Culture=neutral, PublicKeyToken=cc7b13ffcd2ddd51'. The system cannot find the file specified.
File name: 'Microsoft.Bcl.AsyncInterfaces, Version=6.0.0.0, Culture=neutral, PublicKeyToken=cc7b13ffcd2ddd51'
 ---> System.IO.FileNotFoundException: Could not load file or assembly 'Microsoft.Bcl.AsyncInterfaces, Culture=neutral, PublicKeyToken=null'. The system cannot find the file specified.
File name: 'Microsoft.Bcl.AsyncInterfaces, Culture=neutral, PublicKeyToken=null'
   at System.Reflection.RuntimeAssembly.InternalLoad(AssemblyName assemblyName, StackCrawlMark& stackMark, AssemblyLoadContext assemblyLoadContext, RuntimeAssembly requestingAssembly, Boolean throwOnFileNotFound)
   at System.Reflection.Assembly.Load(AssemblyName assemblyRef)
   at Microsoft.VisualStudio.TestPlatform.Common.ExtensionFramework.TestPluginCache.CurrentDomainAssemblyResolve(Object sender, AssemblyResolveEventArgs args) in /_/src/Microsoft.TestPlatform.Common/ExtensionFramework/TestPluginCache.cs:line 513
   at System.Runtime.Loader.AssemblyLoadContext.GetFirstResolvedAssemblyFromResolvingEvent(AssemblyName assemblyName)
   at System.Runtime.Loader.AssemblyLoadContext.ResolveUsingEvent(AssemblyName assemblyName)
   at System.Runtime.Loader.AssemblyLoadContext.ResolveUsingResolvingEvent(IntPtr gchManagedAssemblyLoadContext, AssemblyName assemblyName)
TpTrace Information: 0 : 26804, 1, 2024/07/17, 23:46:23.626, 2950547981148, vstest.console.dll, AssemblyResolver.OnResolve: Microsoft.TestPlatform.Extensions.BlameDataCollector: Resolving assembly.
TpTrace Information: 0 : 26804, 1, 2024/07/17, 23:46:23.626, 2950547981395, vstest.console.dll, AssemblyResolver.OnResolve: Microsoft.TestPlatform.Extensions.BlameDataCollector: Searching in: 'C:\Program Files\dotnet\sdk\8.0.303\Extensions'.
TpTrace Information: 0 : 26804, 1, 2024/07/17, 23:46:23.626, 2950547985065, vstest.console.dll, AssemblyResolver.OnResolve: Microsoft.TestPlatform.Extensions.BlameDataCollector: Loading assembly 'C:\Program Files\dotnet\sdk\8.0.303\Extensions\Microsoft.TestPlatform.Extensions.BlameDataCollector.dll'.
TpTrace Information: 0 : 26804, 1, 2024/07/17, 23:46:23.627, 2950547989095, vstest.console.dll, AssemblyResolver.OnResolve: Resolved assembly: Microsoft.TestPlatform.Extensions.BlameDataCollector, from path: C:\Program Files\dotnet\sdk\8.0.303\Extensions\Microsoft.TestPlatform.Extensions.BlameDataCollector.dll
TpTrace Verbose: 0 : 26804, 1, 2024/07/17, 23:46:23.627, 2950547989727, vstest.console.dll, MetadataReaderExtensionsHelper: Discovering extensions inside assembly 'Microsoft.TestPlatform.Extensions.BlameDataCollector, Version=15.0.0.0, Culture=neutral, PublicKeyToken=b03f5f7f11d50a3a' file path 'C:\Program Files\dotnet\sdk\8.0.303\Extensions\Microsoft.TestPlatform.Extensions.BlameDataCollector.dll'
TpTrace Information: 0 : 26804, 1, 2024/07/17, 23:46:23.628, 2950547999273, vstest.console.dll, AssemblyResolver.OnResolve: Microsoft.TestPlatform.Extensions.EventLogCollector: Resolving assembly.
TpTrace Information: 0 : 26804, 1, 2024/07/17, 23:46:23.628, 2950547999762, vstest.console.dll, AssemblyResolver.OnResolve: Microsoft.TestPlatform.Extensions.EventLogCollector: Searching in: 'C:\Program Files\dotnet\sdk\8.0.303\Extensions'.
TpTrace Information: 0 : 26804, 1, 2024/07/17, 23:46:23.628, 2950548001875, vstest.console.dll, AssemblyResolver.OnResolve: Microsoft.TestPlatform.Extensions.EventLogCollector: Loading assembly 'C:\Program Files\dotnet\sdk\8.0.303\Extensions\Microsoft.TestPlatform.Extensions.EventLogCollector.dll'.
TpTrace Information: 0 : 26804, 1, 2024/07/17, 23:46:23.628, 2950548004142, vstest.console.dll, AssemblyResolver.OnResolve: Resolved assembly: Microsoft.TestPlatform.Extensions.EventLogCollector, from path: C:\Program Files\dotnet\sdk\8.0.303\Extensions\Microsoft.TestPlatform.Extensions.EventLogCollector.dll
TpTrace Verbose: 0 : 26804, 1, 2024/07/17, 23:46:23.628, 2950548004641, vstest.console.dll, MetadataReaderExtensionsHelper: Discovering extensions inside assembly 'Microsoft.TestPlatform.Extensions.EventLogCollector, Version=15.0.0.0, Culture=neutral, PublicKeyToken=b03f5f7f11d50a3a' file path 'C:\Program Files\dotnet\sdk\8.0.303\Extensions\Microsoft.TestPlatform.Extensions.EventLogCollector.dll'
TpTrace Information: 0 : 26804, 1, 2024/07/17, 23:46:23.630, 2950548023832, vstest.console.dll, AssemblyResolver.OnResolve: Microsoft.TestPlatform.TestHostRuntimeProvider: Resolving assembly.
TpTrace Information: 0 : 26804, 1, 2024/07/17, 23:46:23.630, 2950548024447, vstest.console.dll, AssemblyResolver.OnResolve: Microsoft.TestPlatform.TestHostRuntimeProvider: Searching in: 'C:\Program Files\dotnet\sdk\8.0.303\Extensions'.
TpTrace Information: 0 : 26804, 1, 2024/07/17, 23:46:23.630, 2950548027453, vstest.console.dll, AssemblyResolver.OnResolve: Microsoft.TestPlatform.TestHostRuntimeProvider: Loading assembly 'C:\Program Files\dotnet\sdk\8.0.303\Extensions\Microsoft.TestPlatform.TestHostRuntimeProvider.dll'.
TpTrace Information: 0 : 26804, 1, 2024/07/17, 23:46:23.631, 2950548031183, vstest.console.dll, AssemblyResolver.OnResolve: Resolved assembly: Microsoft.TestPlatform.TestHostRuntimeProvider, from path: C:\Program Files\dotnet\sdk\8.0.303\Extensions\Microsoft.TestPlatform.TestHostRuntimeProvider.dll
TpTrace Verbose: 0 : 26804, 1, 2024/07/17, 23:46:23.631, 2950548031762, vstest.console.dll, MetadataReaderExtensionsHelper: Discovering extensions inside assembly 'Microsoft.TestPlatform.TestHostRuntimeProvider, Version=15.0.0.0, Culture=neutral, PublicKeyToken=b03f5f7f11d50a3a' file path 'C:\Program Files\dotnet\sdk\8.0.303\Extensions\Microsoft.TestPlatform.TestHostRuntimeProvider.dll'
TpTrace Information: 0 : 26804, 1, 2024/07/17, 23:46:23.632, 2950548043480, vstest.console.dll, GetTestExtensionFromType: Register extension with identifier data 'HostProvider://DefaultTestHost' and type 'Microsoft.VisualStudio.TestPlatform.CrossPlatEngine.Hosting.DefaultTestHostManager, Microsoft.TestPlatform.TestHostRuntimeProvider, Version=15.0.0.0, Culture=neutral, PublicKeyToken=b03f5f7f11d50a3a' inside file 'C:\Program Files\dotnet\sdk\8.0.303\Extensions\Microsoft.TestPlatform.TestHostRuntimeProvider.dll'
TpTrace Information: 0 : 26804, 1, 2024/07/17, 23:46:23.632, 2950548045396, vstest.console.dll, GetTestExtensionFromType: Register extension with identifier data 'HostProvider://DotnetTestHost' and type 'Microsoft.VisualStudio.TestPlatform.CrossPlatEngine.Hosting.DotnetTestHostManager, Microsoft.TestPlatform.TestHostRuntimeProvider, Version=15.0.0.0, Culture=neutral, PublicKeyToken=b03f5f7f11d50a3a' inside file 'C:\Program Files\dotnet\sdk\8.0.303\Extensions\Microsoft.TestPlatform.TestHostRuntimeProvider.dll'
TpTrace Information: 0 : 26804, 1, 2024/07/17, 23:46:23.632, 2950548045979, vstest.console.dll, AssemblyResolver.OnResolve: Microsoft.VisualStudio.TestPlatform.Extensions.Html.TestLogger: Resolving assembly.
TpTrace Information: 0 : 26804, 1, 2024/07/17, 23:46:23.632, 2950548046182, vstest.console.dll, AssemblyResolver.OnResolve: Microsoft.VisualStudio.TestPlatform.Extensions.Html.TestLogger: Searching in: 'C:\Program Files\dotnet\sdk\8.0.303\Extensions'.
TpTrace Information: 0 : 26804, 1, 2024/07/17, 23:46:23.633, 2950548049783, vstest.console.dll, AssemblyResolver.OnResolve: Microsoft.VisualStudio.TestPlatform.Extensions.Html.TestLogger: Loading assembly 'C:\Program Files\dotnet\sdk\8.0.303\Extensions\Microsoft.VisualStudio.TestPlatform.Extensions.Html.TestLogger.dll'.
TpTrace Information: 0 : 26804, 1, 2024/07/17, 23:46:23.633, 2950548054578, vstest.console.dll, AssemblyResolver.OnResolve: Resolved assembly: Microsoft.VisualStudio.TestPlatform.Extensions.Html.TestLogger, from path: C:\Program Files\dotnet\sdk\8.0.303\Extensions\Microsoft.VisualStudio.TestPlatform.Extensions.Html.TestLogger.dll
TpTrace Verbose: 0 : 26804, 1, 2024/07/17, 23:46:23.633, 2950548055126, vstest.console.dll, MetadataReaderExtensionsHelper: Discovering extensions inside assembly 'Microsoft.VisualStudio.TestPlatform.Extensions.Html.TestLogger, Version=15.0.0.0, Culture=neutral, PublicKeyToken=b03f5f7f11d50a3a' file path 'C:\Program Files\dotnet\sdk\8.0.303\Extensions\Microsoft.VisualStudio.TestPlatform.Extensions.Html.TestLogger.dll'
TpTrace Information: 0 : 26804, 1, 2024/07/17, 23:46:23.634, 2950548061213, vstest.console.dll, AssemblyResolver.OnResolve: Microsoft.VisualStudio.TestPlatform.Extensions.Trx.TestLogger: Resolving assembly.
TpTrace Information: 0 : 26804, 1, 2024/07/17, 23:46:23.634, 2950548061665, vstest.console.dll, AssemblyResolver.OnResolve: Microsoft.VisualStudio.TestPlatform.Extensions.Trx.TestLogger: Searching in: 'C:\Program Files\dotnet\sdk\8.0.303\Extensions'.
TpTrace Information: 0 : 26804, 1, 2024/07/17, 23:46:23.634, 2950548064592, vstest.console.dll, AssemblyResolver.OnResolve: Microsoft.VisualStudio.TestPlatform.Extensions.Trx.TestLogger: Loading assembly 'C:\Program Files\dotnet\sdk\8.0.303\Extensions\Microsoft.VisualStudio.TestPlatform.Extensions.Trx.TestLogger.dll'.
TpTrace Information: 0 : 26804, 1, 2024/07/17, 23:46:23.635, 2950548069373, vstest.console.dll, AssemblyResolver.OnResolve: Resolved assembly: Microsoft.VisualStudio.TestPlatform.Extensions.Trx.TestLogger, from path: C:\Program Files\dotnet\sdk\8.0.303\Extensions\Microsoft.VisualStudio.TestPlatform.Extensions.Trx.TestLogger.dll
TpTrace Verbose: 0 : 26804, 1, 2024/07/17, 23:46:23.635, 2950548069952, vstest.console.dll, MetadataReaderExtensionsHelper: Discovering extensions inside assembly 'Microsoft.VisualStudio.TestPlatform.Extensions.Trx.TestLogger, Version=15.0.0.0, Culture=neutral, PublicKeyToken=b03f5f7f11d50a3a' file path 'C:\Program Files\dotnet\sdk\8.0.303\Extensions\Microsoft.VisualStudio.TestPlatform.Extensions.Trx.TestLogger.dll'
TpTrace Verbose: 0 : 26804, 1, 2024/07/17, 23:46:23.636, 2950548080994, vstest.console.dll, TestPluginCache: Discovered the extensions using extension path ''.
TpTrace Verbose: 0 : 26804, 1, 2024/07/17, 23:46:23.636, 2950548081508, vstest.console.dll, TestPluginCache: Discoverers are ''.
TpTrace Verbose: 0 : 26804, 1, 2024/07/17, 23:46:23.636, 2950548081655, vstest.console.dll, TestPluginCache: Executors are ''.
TpTrace Verbose: 0 : 26804, 1, 2024/07/17, 23:46:23.636, 2950548081775, vstest.console.dll, TestPluginCache: Executors2 are ''.
TpTrace Verbose: 0 : 26804, 1, 2024/07/17, 23:46:23.636, 2950548081900, vstest.console.dll, TestPluginCache: Setting providers are ''.
TpTrace Verbose: 0 : 26804, 1, 2024/07/17, 23:46:23.636, 2950548082016, vstest.console.dll, TestPluginCache: Loggers are ''.
TpTrace Verbose: 0 : 26804, 1, 2024/07/17, 23:46:23.636, 2950548083163, vstest.console.dll, TestPluginCache: TestHosts are 'HostProvider://DefaultTestHost,HostProvider://DotnetTestHost'.
TpTrace Verbose: 0 : 26804, 1, 2024/07/17, 23:46:23.636, 2950548083364, vstest.console.dll, TestPluginCache: DataCollectors are ''.
TpTrace Information: 0 : 26804, 1, 2024/07/17, 23:46:23.644, 2950548162852, vstest.console.dll, RunTestsArgumentProcessor:Execute: Test run is starting.
TpTrace Verbose: 0 : 26804, 1, 2024/07/17, 23:46:23.644, 2950548163634, vstest.console.dll, RunTestsArgumentProcessor:Execute: Queuing Test run.
TpTrace Information: 0 : 26804, 1, 2024/07/17, 23:46:23.644, 2950548164942, vstest.console.dll, TestRequestManager.RunTests: run tests started.
TpTrace Information: 0 : 26804, 1, 2024/07/17, 23:46:23.645, 2950548171944, vstest.console.dll, AssemblyMetadataProvider.GetFrameworkName: Determined framework:'.NETCoreApp,Version=v8.0' for source: 'C:\Users\liton\OneDrive\Desktop\tech_review\tech_exercise_v.0.0.4\tech_exercise\package\exercise1\stargate.tests\bin\Debug\net8.0\fine-code-coverage\build-output\stargate.tests.dll'
TpTrace Information: 0 : 26804, 1, 2024/07/17, 23:46:23.645, 2950548173012, vstest.console.dll, Determined framework for all sources: .NETCoreApp,Version=v8.0
TpTrace Verbose: 0 : 26804, 1, 2024/07/17, 23:46:23.645, 2950548174909, vstest.console.dll, TestRequestManager.UpdateRunSettingsIfRequired: Default architecture: X64 IsDefaultTargetArchitecture: True, Current process architecture: X64 OperatingSystem: Windows.
TpTrace Information: 0 : 26804, 1, 2024/07/17, 23:46:23.646, 2950548184790, vstest.console.dll, AssemblyMetadataProvider.GetArchitecture: Determined architecture:AnyCPU info for assembly: C:\Users\liton\OneDrive\Desktop\tech_review\tech_exercise_v.0.0.4\tech_exercise\package\exercise1\stargate.tests\bin\Debug\net8.0\fine-code-coverage\build-output\stargate.tests.dll
TpTrace Information: 0 : 26804, 1, 2024/07/17, 23:46:23.646, 2950548185211, vstest.console.dll, Determined platform for source 'C:\Users\liton\OneDrive\Desktop\tech_review\tech_exercise_v.0.0.4\tech_exercise\package\exercise1\stargate.tests\bin\Debug\net8.0\fine-code-coverage\build-output\stargate.tests.dll' was AnyCPU and it will use the default plaform X64.
TpTrace Information: 0 : 26804, 1, 2024/07/17, 23:46:23.646, 2950548185366, vstest.console.dll, None of the sources provided any runnable platform, using the default platform: X64
TpTrace Information: 0 : 26804, 1, 2024/07/17, 23:46:23.646, 2950548185833, vstest.console.dll, Platform was updated to 'X64'.
TpTrace Information: 0 : 26804, 1, 2024/07/17, 23:46:23.648, 2950548205991, vstest.console.dll, InferRunSettingsHelper.IsTestSettingsEnabled: Unable to navigate to RunSettings/MSTest. Current node: RunSettings
TpTrace Information: 0 : 26804, 1, 2024/07/17, 23:46:23.649, 2950548210791, vstest.console.dll, AssemblyResolver.OnResolve: Microsoft.VisualStudio.TestPlatform.Fakes: Resolving assembly.
TpTrace Information: 0 : 26804, 1, 2024/07/17, 23:46:23.649, 2950548211365, vstest.console.dll, AssemblyResolver.OnResolve: Microsoft.VisualStudio.TestPlatform.Fakes: Searching in: 'C:\Program Files\dotnet\sdk\8.0.303\Extensions'.
TpTrace Information: 0 : 26804, 1, 2024/07/17, 23:46:23.649, 2950548211959, vstest.console.dll, AssemblyResolver.OnResolve: Microsoft.VisualStudio.TestPlatform.Fakes: Assembly path does not exist: 'C:\Program Files\dotnet\sdk\8.0.303\Extensions\Microsoft.VisualStudio.TestPlatform.Fakes.dll', returning.
TpTrace Information: 0 : 26804, 1, 2024/07/17, 23:46:23.649, 2950548212294, vstest.console.dll, AssemblyResolver.OnResolve: Microsoft.VisualStudio.TestPlatform.Fakes: Assembly path does not exist: 'C:\Program Files\dotnet\sdk\8.0.303\Extensions\Microsoft.VisualStudio.TestPlatform.Fakes.exe', returning.
TpTrace Information: 0 : 26804, 1, 2024/07/17, 23:46:23.649, 2950548212428, vstest.console.dll, AssemblyResolver.OnResolve: Microsoft.VisualStudio.TestPlatform.Fakes: Searching in: 'C:\Program Files\dotnet\sdk\8.0.303'.
TpTrace Information: 0 : 26804, 1, 2024/07/17, 23:46:23.649, 2950548212747, vstest.console.dll, AssemblyResolver.OnResolve: Microsoft.VisualStudio.TestPlatform.Fakes: Assembly path does not exist: 'C:\Program Files\dotnet\sdk\8.0.303\Microsoft.VisualStudio.TestPlatform.Fakes.dll', returning.
TpTrace Information: 0 : 26804, 1, 2024/07/17, 23:46:23.649, 2950548213000, vstest.console.dll, AssemblyResolver.OnResolve: Microsoft.VisualStudio.TestPlatform.Fakes: Assembly path does not exist: 'C:\Program Files\dotnet\sdk\8.0.303\Microsoft.VisualStudio.TestPlatform.Fakes.exe', returning.
TpTrace Information: 0 : 26804, 1, 2024/07/17, 23:46:23.649, 2950548213160, vstest.console.dll, AssemblyResolver.OnResolve: Microsoft.VisualStudio.TestPlatform.Fakes: Failed to load assembly.
TpTrace Information: 0 : 26804, 1, 2024/07/17, 23:46:23.649, 2950548214981, vstest.console.dll, Failed to load assembly Microsoft.VisualStudio.TestPlatform.Fakes, Version=17.0.0.0, Culture=neutral. Reason:System.IO.FileNotFoundException: Could not load file or assembly 'Microsoft.VisualStudio.TestPlatform.Fakes, Version=17.0.0.0, Culture=neutral, PublicKeyToken=null'. The system cannot find the file specified.
File name: 'Microsoft.VisualStudio.TestPlatform.Fakes, Version=17.0.0.0, Culture=neutral, PublicKeyToken=null'
   at System.Reflection.RuntimeAssembly.InternalLoad(AssemblyName assemblyName, StackCrawlMark& stackMark, AssemblyLoadContext assemblyLoadContext, RuntimeAssembly requestingAssembly, Boolean throwOnFileNotFound)
   at System.Reflection.Assembly.Load(AssemblyName assemblyRef)
   at Microsoft.VisualStudio.TestPlatform.Common.Utilities.FakesUtilities.LoadTestPlatformAssembly() in /_/src/Microsoft.TestPlatform.Common/Utilities/FakesUtilities.cs:line 272
TpTrace Verbose: 0 : 26804, 1, 2024/07/17, 23:46:23.651, 2950548235860, vstest.console.dll, TestPluginCache.DiscoverTestExtensions: finding test extensions in assemblies ends with: TestLogger.dll TPluginInfo: Microsoft.VisualStudio.TestPlatform.Common.ExtensionFramework.Utilities.TestLoggerPluginInformation TExtension: Microsoft.VisualStudio.TestPlatform.ObjectModel.Client.ITestLogger
TpTrace Verbose: 0 : 26804, 1, 2024/07/17, 23:46:23.651, 2950548236807, vstest.console.dll, TestPluginCache.GetExtensionPaths: Filtered extension paths: 
TpTrace Verbose: 0 : 26804, 1, 2024/07/17, 23:46:23.651, 2950548236998, vstest.console.dll, TestPluginCache.GetExtensionPaths: Added default extension paths: C:\Program Files\dotnet\sdk\8.0.303\Extensions\Microsoft.Diagnostics.NETCore.Client.dll
C:\Program Files\dotnet\sdk\8.0.303\Extensions\Microsoft.TestPlatform.Extensions.BlameDataCollector.dll
C:\Program Files\dotnet\sdk\8.0.303\Extensions\Microsoft.TestPlatform.Extensions.EventLogCollector.dll
C:\Program Files\dotnet\sdk\8.0.303\Extensions\Microsoft.TestPlatform.TestHostRuntimeProvider.dll
C:\Program Files\dotnet\sdk\8.0.303\Extensions\Microsoft.VisualStudio.TestPlatform.Extensions.Html.TestLogger.dll
C:\Program Files\dotnet\sdk\8.0.303\Extensions\Microsoft.VisualStudio.TestPlatform.Extensions.Trx.TestLogger.dll
TpTrace Verbose: 0 : 26804, 1, 2024/07/17, 23:46:23.651, 2950548237185, vstest.console.dll, TestPluginCache.GetExtensionPaths: Added unfilterableExtensionPaths: 
TpTrace Information: 0 : 26804, 1, 2024/07/17, 23:46:23.652, 2950548238009, vstest.console.dll, AssemblyResolver.AddSearchDirectories: Adding more searchDirectories C:\Program Files\dotnet\sdk\8.0.303\Extensions,C:\Program Files\dotnet\sdk\8.0.303
TpTrace Verbose: 0 : 26804, 1, 2024/07/17, 23:46:23.652, 2950548238256, vstest.console.dll, TestPluginCache.DiscoverTestExtensions: Discovering the extensions using extension path.
TpTrace Verbose: 0 : 26804, 1, 2024/07/17, 23:46:23.652, 2950548238421, vstest.console.dll, TestPluginCache.GetExtensionPaths: Filtered extension paths: 
TpTrace Verbose: 0 : 26804, 1, 2024/07/17, 23:46:23.652, 2950548238596, vstest.console.dll, TestPluginCache.GetExtensionPaths: Added default extension paths: C:\Program Files\dotnet\sdk\8.0.303\Extensions\Microsoft.Diagnostics.NETCore.Client.dll
C:\Program Files\dotnet\sdk\8.0.303\Extensions\Microsoft.TestPlatform.Extensions.BlameDataCollector.dll
C:\Program Files\dotnet\sdk\8.0.303\Extensions\Microsoft.TestPlatform.Extensions.EventLogCollector.dll
C:\Program Files\dotnet\sdk\8.0.303\Extensions\Microsoft.TestPlatform.TestHostRuntimeProvider.dll
C:\Program Files\dotnet\sdk\8.0.303\Extensions\Microsoft.VisualStudio.TestPlatform.Extensions.Html.TestLogger.dll
C:\Program Files\dotnet\sdk\8.0.303\Extensions\Microsoft.VisualStudio.TestPlatform.Extensions.Trx.TestLogger.dll
TpTrace Verbose: 0 : 26804, 1, 2024/07/17, 23:46:23.652, 2950548238735, vstest.console.dll, TestPluginCache.GetExtensionPaths: Added unfilterableExtensionPaths: 
TpTrace Verbose: 0 : 26804, 1, 2024/07/17, 23:46:23.652, 2950548239288, vstest.console.dll, TestPluginCache.DiscoverTestExtensions: Discovering the extensions using allExtensionPaths: C:\Program Files\dotnet\sdk\8.0.303\Extensions\Microsoft.Diagnostics.NETCore.Client.dll
C:\Program Files\dotnet\sdk\8.0.303\Extensions\Microsoft.TestPlatform.Extensions.BlameDataCollector.dll
C:\Program Files\dotnet\sdk\8.0.303\Extensions\Microsoft.TestPlatform.Extensions.EventLogCollector.dll
C:\Program Files\dotnet\sdk\8.0.303\Extensions\Microsoft.TestPlatform.TestHostRuntimeProvider.dll
C:\Program Files\dotnet\sdk\8.0.303\Extensions\Microsoft.VisualStudio.TestPlatform.Extensions.Html.TestLogger.dll
C:\Program Files\dotnet\sdk\8.0.303\Extensions\Microsoft.VisualStudio.TestPlatform.Extensions.Trx.TestLogger.dll
TpTrace Information: 0 : 26804, 1, 2024/07/17, 23:46:23.652, 2950548239578, vstest.console.dll, AssemblyResolver.AddSearchDirectories: Adding more searchDirectories C:\Program Files\dotnet\sdk\8.0.303\Extensions,C:\Program Files\dotnet\sdk\8.0.303
TpTrace Information: 0 : 26804, 1, 2024/07/17, 23:46:23.652, 2950548239729, vstest.console.dll, AssemblyResolver.AddSearchDirectories: Adding more searchDirectories C:\Program Files\dotnet\sdk\8.0.303\Extensions,C:\Program Files\dotnet\sdk\8.0.303
TpTrace Information: 0 : 26804, 1, 2024/07/17, 23:46:23.652, 2950548239861, vstest.console.dll, AssemblyResolver.AddSearchDirectories: Adding more searchDirectories C:\Program Files\dotnet\sdk\8.0.303\Extensions,C:\Program Files\dotnet\sdk\8.0.303
TpTrace Information: 0 : 26804, 1, 2024/07/17, 23:46:23.652, 2950548239994, vstest.console.dll, AssemblyResolver.AddSearchDirectories: Adding more searchDirectories C:\Program Files\dotnet\sdk\8.0.303\Extensions,C:\Program Files\dotnet\sdk\8.0.303
TpTrace Information: 0 : 26804, 1, 2024/07/17, 23:46:23.652, 2950548240154, vstest.console.dll, AssemblyResolver.AddSearchDirectories: Adding more searchDirectories C:\Program Files\dotnet\sdk\8.0.303\Extensions,C:\Program Files\dotnet\sdk\8.0.303
TpTrace Information: 0 : 26804, 1, 2024/07/17, 23:46:23.652, 2950548240285, vstest.console.dll, AssemblyResolver.AddSearchDirectories: Adding more searchDirectories C:\Program Files\dotnet\sdk\8.0.303\Extensions,C:\Program Files\dotnet\sdk\8.0.303
TpTrace Verbose: 0 : 26804, 1, 2024/07/17, 23:46:23.652, 2950548240978, vstest.console.dll, MetadataReaderExtensionsHelper: Discovering extensions inside assembly 'Microsoft.Diagnostics.NETCore.Client, Version=0.2.10.15101, Culture=neutral, PublicKeyToken=31bf3856ad364e35' file path 'C:\Program Files\dotnet\sdk\8.0.303\Extensions\Microsoft.Diagnostics.NETCore.Client.dll'
TpTrace Information: 0 : 26804, 1, 2024/07/17, 23:46:23.653, 2950548248411, vstest.console.dll, AssemblyResolver.OnResolve: Microsoft.Bcl.AsyncInterfaces: Resolving assembly.
TpTrace Information: 0 : 26804, 1, 2024/07/17, 23:46:23.653, 2950548249053, vstest.console.dll, AssemblyResolver.OnResolve: Microsoft.Bcl.AsyncInterfaces: Resolved from cache.
TpTrace Verbose: 0 : 26804, 1, 2024/07/17, 23:46:23.653, 2950548249237, vstest.console.dll, CurrentDomainAssemblyResolve: Resolving assembly 'Microsoft.Bcl.AsyncInterfaces'.
TpTrace Information: 0 : 26804, 1, 2024/07/17, 23:46:23.653, 2950548249527, vstest.console.dll, AssemblyResolver.OnResolve: Microsoft.Bcl.AsyncInterfaces: Resolving assembly.
TpTrace Information: 0 : 26804, 1, 2024/07/17, 23:46:23.653, 2950548249659, vstest.console.dll, AssemblyResolver.OnResolve: Microsoft.Bcl.AsyncInterfaces: Resolved from cache.
TpTrace Verbose: 0 : 26804, 1, 2024/07/17, 23:46:23.653, 2950548249784, vstest.console.dll, CurrentDomainAssemblyResolve: Resolving assembly 'Microsoft.Bcl.AsyncInterfaces'.
TpTrace Verbose: 0 : 26804, 1, 2024/07/17, 23:46:23.653, 2950548249910, vstest.console.dll, CurrentDomainAssemblyResolve: Failed to resolve assembly 'Microsoft.Bcl.AsyncInterfaces'.
TpTrace Verbose: 0 : 26804, 1, 2024/07/17, 23:46:23.653, 2950548250800, vstest.console.dll, CurrentDomainAssemblyResolve: Failed to resolve assembly 'Microsoft.Bcl.AsyncInterfaces'.
TpTrace Warning: 0 : 26804, 1, 2024/07/17, 23:46:23.653, 2950548252825, vstest.console.dll, TestPluginDiscoverer: Failed to get types from assembly 'Microsoft.Diagnostics.NETCore.Client, Version=0.2.10.15101, Culture=neutral, PublicKeyToken=31bf3856ad364e35'. Error: System.Reflection.ReflectionTypeLoadException: Unable to load one or more of the requested types.
Could not load file or assembly 'Microsoft.Bcl.AsyncInterfaces, Version=6.0.0.0, Culture=neutral, PublicKeyToken=cc7b13ffcd2ddd51'. The system cannot find the file specified.
   at System.Reflection.RuntimeModule.GetTypes(RuntimeModule module)
   at System.Reflection.RuntimeModule.GetTypes()
   at Microsoft.VisualStudio.TestPlatform.Common.ExtensionFramework.TestPluginDiscoverer.GetTestExtensionsFromAssembly[TPluginInfo,TExtension](Assembly assembly, Dictionary`2 pluginInfos, String filePath) in /_/src/Microsoft.TestPlatform.Common/ExtensionFramework/TestPluginDiscoverer.cs:line 158
System.IO.FileNotFoundException: Could not load file or assembly 'Microsoft.Bcl.AsyncInterfaces, Version=6.0.0.0, Culture=neutral, PublicKeyToken=cc7b13ffcd2ddd51'. The system cannot find the file specified.
File name: 'Microsoft.Bcl.AsyncInterfaces, Version=6.0.0.0, Culture=neutral, PublicKeyToken=cc7b13ffcd2ddd51'
 ---> System.IO.FileNotFoundException: Could not load file or assembly 'Microsoft.Bcl.AsyncInterfaces, Culture=neutral, PublicKeyToken=null'. The system cannot find the file specified.
File name: 'Microsoft.Bcl.AsyncInterfaces, Culture=neutral, PublicKeyToken=null'
   at System.Reflection.RuntimeAssembly.InternalLoad(AssemblyName assemblyName, StackCrawlMark& stackMark, AssemblyLoadContext assemblyLoadContext, RuntimeAssembly requestingAssembly, Boolean throwOnFileNotFound)
   at System.Reflection.Assembly.Load(AssemblyName assemblyRef)
   at Microsoft.VisualStudio.TestPlatform.Common.ExtensionFramework.TestPluginCache.CurrentDomainAssemblyResolve(Object sender, AssemblyResolveEventArgs args) in /_/src/Microsoft.TestPlatform.Common/ExtensionFramework/TestPluginCache.cs:line 513
   at System.Runtime.Loader.AssemblyLoadContext.GetFirstResolvedAssemblyFromResolvingEvent(AssemblyName assemblyName)
   at System.Runtime.Loader.AssemblyLoadContext.ResolveUsingEvent(AssemblyName assemblyName)
   at System.Runtime.Loader.AssemblyLoadContext.ResolveUsingResolvingEvent(IntPtr gchManagedAssemblyLoadContext, AssemblyName assemblyName)
TpTrace Warning: 0 : 26804, 1, 2024/07/17, 23:46:23.653, 2950548253693, vstest.console.dll, LoaderExceptions: System.IO.FileNotFoundException: Could not load file or assembly 'Microsoft.Bcl.AsyncInterfaces, Version=6.0.0.0, Culture=neutral, PublicKeyToken=cc7b13ffcd2ddd51'. The system cannot find the file specified.
File name: 'Microsoft.Bcl.AsyncInterfaces, Version=6.0.0.0, Culture=neutral, PublicKeyToken=cc7b13ffcd2ddd51'
 ---> System.IO.FileNotFoundException: Could not load file or assembly 'Microsoft.Bcl.AsyncInterfaces, Culture=neutral, PublicKeyToken=null'. The system cannot find the file specified.
File name: 'Microsoft.Bcl.AsyncInterfaces, Culture=neutral, PublicKeyToken=null'
   at System.Reflection.RuntimeAssembly.InternalLoad(AssemblyName assemblyName, StackCrawlMark& stackMark, AssemblyLoadContext assemblyLoadContext, RuntimeAssembly requestingAssembly, Boolean throwOnFileNotFound)
   at System.Reflection.Assembly.Load(AssemblyName assemblyRef)
   at Microsoft.VisualStudio.TestPlatform.Common.ExtensionFramework.TestPluginCache.CurrentDomainAssemblyResolve(Object sender, AssemblyResolveEventArgs args) in /_/src/Microsoft.TestPlatform.Common/ExtensionFramework/TestPluginCache.cs:line 513
   at System.Runtime.Loader.AssemblyLoadContext.GetFirstResolvedAssemblyFromResolvingEvent(AssemblyName assemblyName)
   at System.Runtime.Loader.AssemblyLoadContext.ResolveUsingEvent(AssemblyName assemblyName)
   at System.Runtime.Loader.AssemblyLoadContext.ResolveUsingResolvingEvent(IntPtr gchManagedAssemblyLoadContext, AssemblyName assemblyName)
TpTrace Verbose: 0 : 26804, 1, 2024/07/17, 23:46:23.653, 2950548254141, vstest.console.dll, MetadataReaderExtensionsHelper: Discovering extensions inside assembly 'Microsoft.TestPlatform.Extensions.BlameDataCollector, Version=15.0.0.0, Culture=neutral, PublicKeyToken=b03f5f7f11d50a3a' file path 'C:\Program Files\dotnet\sdk\8.0.303\Extensions\Microsoft.TestPlatform.Extensions.BlameDataCollector.dll'
TpTrace Information: 0 : 26804, 1, 2024/07/17, 23:46:23.654, 2950548259422, vstest.console.dll, GetTestExtensionFromType: Register extension with identifier data 'logger://Microsoft/TestPlatform/Extensions/Blame/v1' and type 'Microsoft.TestPlatform.Extensions.BlameDataCollector.BlameLogger, Microsoft.TestPlatform.Extensions.BlameDataCollector, Version=15.0.0.0, Culture=neutral, PublicKeyToken=b03f5f7f11d50a3a' inside file 'C:\Program Files\dotnet\sdk\8.0.303\Extensions\Microsoft.TestPlatform.Extensions.BlameDataCollector.dll'
TpTrace Verbose: 0 : 26804, 1, 2024/07/17, 23:46:23.654, 2950548260016, vstest.console.dll, MetadataReaderExtensionsHelper: Discovering extensions inside assembly 'Microsoft.TestPlatform.Extensions.EventLogCollector, Version=15.0.0.0, Culture=neutral, PublicKeyToken=b03f5f7f11d50a3a' file path 'C:\Program Files\dotnet\sdk\8.0.303\Extensions\Microsoft.TestPlatform.Extensions.EventLogCollector.dll'
TpTrace Verbose: 0 : 26804, 1, 2024/07/17, 23:46:23.654, 2950548262061, vstest.console.dll, MetadataReaderExtensionsHelper: Discovering extensions inside assembly 'Microsoft.TestPlatform.TestHostRuntimeProvider, Version=15.0.0.0, Culture=neutral, PublicKeyToken=b03f5f7f11d50a3a' file path 'C:\Program Files\dotnet\sdk\8.0.303\Extensions\Microsoft.TestPlatform.TestHostRuntimeProvider.dll'
TpTrace Verbose: 0 : 26804, 1, 2024/07/17, 23:46:23.654, 2950548267108, vstest.console.dll, MetadataReaderExtensionsHelper: Discovering extensions inside assembly 'Microsoft.VisualStudio.TestPlatform.Extensions.Html.TestLogger, Version=15.0.0.0, Culture=neutral, PublicKeyToken=b03f5f7f11d50a3a' file path 'C:\Program Files\dotnet\sdk\8.0.303\Extensions\Microsoft.VisualStudio.TestPlatform.Extensions.Html.TestLogger.dll'
TpTrace Information: 0 : 26804, 1, 2024/07/17, 23:46:23.655, 2950548273570, vstest.console.dll, GetTestExtensionFromType: Register extension with identifier data 'logger://Microsoft/TestPlatform/HtmlLogger/v1' and type 'Microsoft.VisualStudio.TestPlatform.Extensions.HtmlLogger.HtmlLogger, Microsoft.VisualStudio.TestPlatform.Extensions.Html.TestLogger, Version=15.0.0.0, Culture=neutral, PublicKeyToken=b03f5f7f11d50a3a' inside file 'C:\Program Files\dotnet\sdk\8.0.303\Extensions\Microsoft.VisualStudio.TestPlatform.Extensions.Html.TestLogger.dll'
TpTrace Verbose: 0 : 26804, 1, 2024/07/17, 23:46:23.655, 2950548274155, vstest.console.dll, MetadataReaderExtensionsHelper: Discovering extensions inside assembly 'Microsoft.VisualStudio.TestPlatform.Extensions.Trx.TestLogger, Version=15.0.0.0, Culture=neutral, PublicKeyToken=b03f5f7f11d50a3a' file path 'C:\Program Files\dotnet\sdk\8.0.303\Extensions\Microsoft.VisualStudio.TestPlatform.Extensions.Trx.TestLogger.dll'
TpTrace Information: 0 : 26804, 1, 2024/07/17, 23:46:23.656, 2950548277669, vstest.console.dll, GetTestExtensionFromType: Register extension with identifier data 'logger://Microsoft/TestPlatform/TrxLogger/v1' and type 'Microsoft.VisualStudio.TestPlatform.Extensions.TrxLogger.TrxLogger, Microsoft.VisualStudio.TestPlatform.Extensions.Trx.TestLogger, Version=15.0.0.0, Culture=neutral, PublicKeyToken=b03f5f7f11d50a3a' inside file 'C:\Program Files\dotnet\sdk\8.0.303\Extensions\Microsoft.VisualStudio.TestPlatform.Extensions.Trx.TestLogger.dll'
TpTrace Verbose: 0 : 26804, 1, 2024/07/17, 23:46:23.656, 2950548278210, vstest.console.dll, TestPluginCache: Discovered the extensions using extension path ''.
TpTrace Verbose: 0 : 26804, 1, 2024/07/17, 23:46:23.656, 2950548278377, vstest.console.dll, TestPluginCache: Discoverers are ''.
TpTrace Verbose: 0 : 26804, 1, 2024/07/17, 23:46:23.656, 2950548278503, vstest.console.dll, TestPluginCache: Executors are ''.
TpTrace Verbose: 0 : 26804, 1, 2024/07/17, 23:46:23.656, 2950548278658, vstest.console.dll, TestPluginCache: Executors2 are ''.
TpTrace Verbose: 0 : 26804, 1, 2024/07/17, 23:46:23.656, 2950548278802, vstest.console.dll, TestPluginCache: Setting providers are ''.
TpTrace Verbose: 0 : 26804, 1, 2024/07/17, 23:46:23.656, 2950548279246, vstest.console.dll, TestPluginCache: Loggers are 'logger://Microsoft/TestPlatform/Extensions/Blame/v1,logger://Microsoft/TestPlatform/HtmlLogger/v1,logger://Microsoft/TestPlatform/TrxLogger/v1'.
TpTrace Verbose: 0 : 26804, 1, 2024/07/17, 23:46:23.656, 2950548279448, vstest.console.dll, TestPluginCache: TestHosts are 'HostProvider://DefaultTestHost,HostProvider://DotnetTestHost'.
TpTrace Verbose: 0 : 26804, 1, 2024/07/17, 23:46:23.656, 2950548279571, vstest.console.dll, TestPluginCache: DataCollectors are ''.
TpTrace Information: 0 : 26804, 1, 2024/07/17, 23:46:23.656, 2950548285404, vstest.console.dll, TestPluginManager.CreateTestExtension: Attempting to load test extension: Microsoft.TestPlatform.Extensions.BlameDataCollector.BlameLogger
TpTrace Verbose: 0 : 26804, 1, 2024/07/17, 23:46:23.661, 2950548332216, vstest.console.dll, TestEngine: Initializing Parallel Execution as MaxCpuCount is set to: 1
TpTrace Information: 0 : 26804, 1, 2024/07/17, 23:46:23.662, 2950548341576, vstest.console.dll, TestPluginManager.CreateTestExtension: Attempting to load test extension: Microsoft.VisualStudio.TestPlatform.CrossPlatEngine.Hosting.DefaultTestHostManager
TpTrace Information: 0 : 26804, 1, 2024/07/17, 23:46:23.663, 2950548347990, vstest.console.dll, TestPluginManager.CreateTestExtension: Attempting to load test extension: Microsoft.VisualStudio.TestPlatform.CrossPlatEngine.Hosting.DotnetTestHostManager
TpTrace Information: 0 : 26804, 1, 2024/07/17, 23:46:23.663, 2950548351344, vstest.console.dll, InferRunSettingsHelper.IsTestSettingsEnabled: Unable to navigate to RunSettings/MSTest. Current node: RunSettings
TpTrace Verbose: 0 : 26804, 1, 2024/07/17, 23:46:23.663, 2950548354541, vstest.console.dll, ParallelOperationManager.ClearSlots: Clearing all slots. Slots should accept more work: True
TpTrace Verbose: 0 : 26804, 1, 2024/07/17, 23:46:23.664, 2950548358276, vstest.console.dll, ParallelOperationManager.SetOccupiedSlotCount: Setting slot counts AvailableSlotCount = 1, OccupiedSlotCount = 0.
TpTrace Verbose: 0 : 26804, 1, 2024/07/17, 23:46:23.664, 2950548360040, vstest.console.dll, Occupied slots:

TpTrace Verbose: 0 : 26804, 1, 2024/07/17, 23:46:23.666, 2950548380050, vstest.console.dll, TestEngine.GetExecutionManager: Chosen execution manager 'Microsoft.VisualStudio.TestPlatform.CrossPlatEngine.Client.Parallel.ParallelProxyExecutionManager, Microsoft.TestPlatform.CrossPlatEngine, Version=15.0.0.0, Culture=neutral, PublicKeyToken=b03f5f7f11d50a3a' ParallelLevel '1'.
TpTrace Verbose: 0 : 26804, 1, 2024/07/17, 23:46:23.666, 2950548381057, vstest.console.dll, TestRunRequest.ExecuteAsync: Creating test run request.
TpTrace Verbose: 0 : 26804, 1, 2024/07/17, 23:46:23.666, 2950548382422, vstest.console.dll, TestRunRequest.ExecuteAsync: Starting.
TpTrace Information: 0 : 26804, 1, 2024/07/17, 23:46:23.667, 2950548389103, vstest.console.dll, TestRunRequest.ExecuteAsync: Starting run with settings:TestRunCriteria:
   KeepAlive=False,FrequencyOfRunStatsChangeEvent=10,RunStatsChangeEventTimeout=00:00:01.5000000,TestCaseFilter=,TestExecutorLauncher=
   Settingsxml=<RunSettings>
  <RunConfiguration>
    <ResultsDirectory>C:\Users\liton\OneDrive\Desktop\tech_review\tech_exercise_v.0.0.4\tech_exercise\package\exercise1\stargate.tests\bin\Debug\net8.0\fine-code-coverage\coverage-tool-output</ResultsDirectory>
    <TargetPlatform>X64</TargetPlatform>
    <TargetFrameworkVersion>.NETCoreApp,Version=v8.0</TargetFrameworkVersion>
    <DesignMode>False</DesignMode>
    <CollectSourceInformation>False</CollectSourceInformation>
  </RunConfiguration>
  <LoggerRunSettings>
    <Loggers>
      <Logger friendlyName="blame" enabled="True" />
      <Logger friendlyName="Console" uri="logger://microsoft/TestPlatform/ConsoleLogger/v1" assemblyQualifiedName="Microsoft.VisualStudio.TestPlatform.CommandLine.Internal.ConsoleLogger, vstest.console, Version=15.0.0.0, Culture=neutral, PublicKeyToken=b03f5f7f11d50a3a" codeBase="C:\Program Files\dotnet\sdk\8.0.303\vstest.console.dll" enabled="True" />
    </Loggers>
  </LoggerRunSettings>
  <DataCollectionRunSettings>
    <DataCollectors>
      <DataCollector friendlyName="blame" enabled="True">
        <Configuration>
          <ResultsDirectory>C:\Users\liton\OneDrive\Desktop\tech_review\tech_exercise_v.0.0.4\tech_exercise\package\exercise1\stargate.tests\bin\Debug\net8.0\fine-code-coverage\coverage-tool-output</ResultsDirectory>
        </Configuration>
      </DataCollector>
    </DataCollectors>
  </DataCollectionRunSettings>
</RunSettings>

TpTrace Verbose: 0 : 26804, 1, 2024/07/17, 23:46:23.667, 2950548389464, vstest.console.dll, TestRunRequest.ExecuteAsync: Wait for the first run request is over.
TpTrace Verbose: 0 : 26804, 1, 2024/07/17, 23:46:23.667, 2950548391866, vstest.console.dll, MulticastDelegateUtilities.SafeInvoke: TestRun.TestRunStart: Invoking callbacks was skipped because there are no subscribers.
TpTrace Verbose: 0 : 26804, 4, 2024/07/17, 23:46:23.667, 2950548393531, vstest.console.dll, MulticastDelegateUtilities.SafeInvoke: InternalTestLoggerEvents.SendTestRunStart: Invoking callback 1/1 for Microsoft.VisualStudio.TestPlatform.CommandLine.Internal.ConsoleLogger., took 0 ms.
TpTrace Verbose: 0 : 26804, 1, 2024/07/17, 23:46:23.668, 2950548397571, vstest.console.dll, ParallelProxyExecutionManager: Start execution. Total sources: 1
TpTrace Verbose: 0 : 26804, 1, 2024/07/17, 23:46:23.668, 2950548399596, vstest.console.dll, ParallelOperationManager.StartWork: Starting adding 1 workloads.
TpTrace Verbose: 0 : 26804, 1, 2024/07/17, 23:46:23.668, 2950548399984, vstest.console.dll, ParallelOperationManager.ClearSlots: Clearing all slots. Slots should accept more work: True
TpTrace Verbose: 0 : 26804, 1, 2024/07/17, 23:46:23.668, 2950548400349, vstest.console.dll, ParallelOperationManager.SetOccupiedSlotCount: Setting slot counts AvailableSlotCount = 1, OccupiedSlotCount = 0.
TpTrace Verbose: 0 : 26804, 1, 2024/07/17, 23:46:23.668, 2950548400535, vstest.console.dll, Occupied slots:

TpTrace Verbose: 0 : 26804, 1, 2024/07/17, 23:46:23.669, 2950548408367, vstest.console.dll, TestRequestSender is acting as server.
TpTrace Verbose: 0 : 26804, 1, 2024/07/17, 23:46:23.669, 2950548414941, vstest.console.dll, ParallelOperationManager.RunWorkInParallel: Adding 1 workload to slot, remaining workloads 0.
TpTrace Verbose: 0 : 26804, 1, 2024/07/17, 23:46:23.669, 2950548415432, vstest.console.dll, ParallelOperationManager.SetOccupiedSlotCount: Setting slot counts AvailableSlotCount = 0, OccupiedSlotCount = 1.
TpTrace Verbose: 0 : 26804, 1, 2024/07/17, 23:46:23.669, 2950548416046, vstest.console.dll, Occupied slots:
0: C:\Users\liton\OneDrive\Desktop\tech_review\tech_exercise_v.0.0.4\tech_exercise\package\exercise1\stargate.tests\bin\Debug\net8.0\fine-code-coverage\build-output\stargate.tests.dll
TpTrace Verbose: 0 : 26804, 1, 2024/07/17, 23:46:23.670, 2950548422081, vstest.console.dll, ParallelOperationManager.RunWorkInParallel: Started host in slot number 0 for work (source): C:\Users\liton\OneDrive\Desktop\tech_review\tech_exercise_v.0.0.4\tech_exercise\package\exercise1\stargate.tests\bin\Debug\net8.0\fine-code-coverage\build-output\stargate.tests.dll.
TpTrace Verbose: 0 : 26804, 1, 2024/07/17, 23:46:23.671, 2950548428619, vstest.console.dll, ParallelOperationManager.RunWorkInParallel: We started 1 work items, which is the max parallel level. Won't start more work.
TpTrace Verbose: 0 : 26804, 1, 2024/07/17, 23:46:23.671, 2950548429059, vstest.console.dll, ParallelOperationManager.RunWorkInParallel: We started 1 work items in here, returning True.
TpTrace Information: 0 : 26804, 1, 2024/07/17, 23:46:23.671, 2950548429253, vstest.console.dll, TestRunRequest.ExecuteAsync: Started.
TpTrace Verbose: 0 : 26804, 5, 2024/07/17, 23:46:23.671, 2950548429846, vstest.console.dll, ParallelProxyExecutionManager.StartTestRunOnConcurrentManager: Initializing uninitialized client. Started clients: 0
TpTrace Verbose: 0 : 26804, 5, 2024/07/17, 23:46:23.671, 2950548430943, vstest.console.dll, DataCollectionRequestSender.InitializeCommunication : Initialize communication. 
TpTrace Verbose: 0 : 26804, 1, 2024/07/17, 23:46:23.671, 2950548433299, vstest.console.dll, TestRunRequest.WaitForCompletion: Waiting with timeout -1.
TpTrace Information: 0 : 26804, 5, 2024/07/17, 23:46:23.676, 2950548484298, vstest.console.dll, Listening on Endpoint : 127.0.0.1:60328
TpTrace Verbose: 0 : 26804, 5, 2024/07/17, 23:46:23.680, 2950548524662, vstest.console.dll, DotnetDataCollectionLauncher: Adding  --runtimeconfig "C:\Program Files\dotnet\sdk\8.0.303\datacollector.runtimeconfig.json" in args
TpTrace Verbose: 0 : 26804, 5, 2024/07/17, 23:46:23.680, 2950548525613, vstest.console.dll, DotnetDataCollectionLauncher: Adding  --depsfile "C:\Program Files\dotnet\sdk\8.0.303\datacollector.deps.json" in args
TpTrace Verbose: 0 : 26804, 5, 2024/07/17, 23:46:23.680, 2950548526621, vstest.console.dll, DotnetDataCollectionLauncher: Full path of dotnet.exe is C:\Program Files\dotnet\dotnet.exe
TpTrace Information: 0 : 26804, 5, 2024/07/17, 23:46:23.701, 2950548736358, vstest.console.dll, ProxyDataCollectionManager.Initialize: Launched datacollector processId: 15472 port: 60328
TpTrace Information: 0 : 26804, 5, 2024/07/17, 23:46:23.702, 2950548737466, vstest.console.dll, ProxyDataCollectionManager.Initialize: waiting for connection with timeout: 90 seconds
TpTrace Verbose: 0 : 26804, 5, 2024/07/17, 23:46:23.702, 2950548737756, vstest.console.dll, DataCollectionRequestSender.WaitForRequestHandlerConnection : Waiting for connection with timeout: 90000
TpTrace Information: 0 : 26804, 7, 2024/07/17, 23:46:23.825, 2950549976466, vstest.console.dll, Using the buffer size of 16384 bytes
TpTrace Verbose: 0 : 26804, 5, 2024/07/17, 23:46:23.825, 2950549977100, vstest.console.dll, SocketCommunicationManager.WaitForClientConnection took: 123 ms, with 90000 ms timeout, and finished with True.
TpTrace Information: 0 : 26804, 7, 2024/07/17, 23:46:23.826, 2950549977526, vstest.console.dll, Accepted Client request and set the flag
TpTrace Verbose: 0 : 26804, 5, 2024/07/17, 23:46:23.826, 2950549978426, vstest.console.dll, ProxyDataCollectionManager.InvokeDataCollectionServiceAction: Starting.
TpTrace Information: 0 : 26804, 5, 2024/07/17, 23:46:23.826, 2950549978922, vstest.console.dll, ProxyDataCollectionManager.BeforeTestRunStart: Get environment variable and port for datacollector processId: 15472 port: 60328
TpTrace Verbose: 0 : 26804, 5, 2024/07/17, 23:46:23.826, 2950549979552, vstest.console.dll, DataCollectionRequestSender.SendBeforeTestRunStartAndGetResult: Send BeforeTestRunStart message with settingsXml <RunSettings><RunConfiguration><ResultsDirectory>C:\Users\liton\OneDrive\Desktop\tech_review\tech_exercise_v.0.0.4\tech_exercise\package\exercise1\stargate.tests\bin\Debug\net8.0\fine-code-coverage\coverage-tool-output</ResultsDirectory><TargetPlatform>X64</TargetPlatform><TargetFrameworkVersion>.NETCoreApp,Version=v8.0</TargetFrameworkVersion><DesignMode>False</DesignMode><CollectSourceInformation>False</CollectSourceInformation><TestAdaptersPaths>C:\Program Files\dotnet\sdk\8.0.303\Extensions</TestAdaptersPaths></RunConfiguration><LoggerRunSettings><Loggers><Logger friendlyName="blame" enabled="True" /><Logger friendlyName="Console" uri="logger://microsoft/TestPlatform/ConsoleLogger/v1" assemblyQualifiedName="Microsoft.VisualStudio.TestPlatform.CommandLine.Internal.ConsoleLogger, vstest.console, Version=15.0.0.0, Culture=neutral, PublicKeyToken=b03f5f7f11d50a3a" codeBase="C:\Program Files\dotnet\sdk\8.0.303\vstest.console.dll" enabled="True" /></Loggers></LoggerRunSettings><DataCollectionRunSettings><DataCollectors><DataCollector friendlyName="blame" enabled="True"><Configuration><ResultsDirectory>C:\Users\liton\OneDrive\Desktop\tech_review\tech_exercise_v.0.0.4\tech_exercise\package\exercise1\stargate.tests\bin\Debug\net8.0\fine-code-coverage\coverage-tool-output</ResultsDirectory></Configuration></DataCollector></DataCollectors></DataCollectionRunSettings></RunSettings> and sources System.Collections.Generic.List`1[System.String]: 
TpTrace Verbose: 0 : 26804, 5, 2024/07/17, 23:46:23.862, 2950550344389, vstest.console.dll, DataCollectionRequestSender.SendBeforeTestRunStartAndGetResult: Received message: (DataCollection.SendMessage) -> {"MessageType":"DataCollection.SendMessage","Payload":{"FriendlyName":null,"Uri":null,"TestCaseId":"00000000-0000-0000-0000-000000000000","Message":"Logging DataCollector Diagnostics in file: C:\\Users\\liton\\OneDrive\\Desktop\\tech_review\\tech_exercise_v.0.0.4\\tech_exercise\\package\\exercise1\\stargate.tests\\bin\\Debug\\net8.0\\fine-code-coverage\\coverage-tool-output\\diagnostics.datacollector.24-07-17_23-46-23_68054_5.log","Level":0}}
TpTrace Verbose: 0 : 26804, 5, 2024/07/17, 23:46:23.913, 2950550857388, vstest.console.dll, DataCollectionRequestSender.SendBeforeTestRunStartAndGetResult: Received message: (DataCollection.BeforeTestRunStartResult) -> {"MessageType":"DataCollection.BeforeTestRunStartResult","Payload":{"EnvironmentVariables":{},"DataCollectionEventsPort":60331}}
TpTrace Information: 0 : 26804, 5, 2024/07/17, 23:46:23.916, 2950550884504, vstest.console.dll, ProxyDataCollectionManager.BeforeTestRunStart: SendBeforeTestRunStartAndGetResult successful, env variable from datacollector:   and testhost port: 60331
TpTrace Information: 0 : 26804, 5, 2024/07/17, 23:46:23.916, 2950550885283, vstest.console.dll, ProxyDataCollectionManager.InvokeDataCollectionServiceAction: Completed.
TpTrace Verbose: 0 : 26804, 5, 2024/07/17, 23:46:23.916, 2950550885517, vstest.console.dll, ParallelProxyExecutionManager.StartTestRunOnConcurrentManager: Initializing test run. Started clients: 0
TpTrace Verbose: 0 : 26804, 5, 2024/07/17, 23:46:23.916, 2950550886099, vstest.console.dll, ProxyExecutionManager: Test host is always Lazy initialize.
TpTrace Verbose: 0 : 26804, 5, 2024/07/17, 23:46:23.916, 2950550887305, vstest.console.dll, TestRequestSender.InitializeCommunication: initialize communication. 
TpTrace Information: 0 : 26804, 5, 2024/07/17, 23:46:23.917, 2950550890569, vstest.console.dll, SocketServer.Start: Listening on endpoint : 127.0.0.1:60332
TpTrace Verbose: 0 : 26804, 5, 2024/07/17, 23:46:23.917, 2950550895117, vstest.console.dll, DotnetTestHostmanager.GetTestHostProcessStartInfo: Platform environment 'X64' target architecture 'X64' framework '.NETCoreApp,Version=v8.0' OS 'Windows'
TpTrace Verbose: 0 : 26804, 5, 2024/07/17, 23:46:23.917, 2950550896454, vstest.console.dll, DotnetTestHostmanager: Adding  --runtimeconfig "C:\Users\liton\OneDrive\Desktop\tech_review\tech_exercise_v.0.0.4\tech_exercise\package\exercise1\stargate.tests\bin\Debug\net8.0\fine-code-coverage\build-output\stargate.tests.runtimeconfig.json" in args
TpTrace Verbose: 0 : 26804, 5, 2024/07/17, 23:46:23.917, 2950550896931, vstest.console.dll, DotnetTestHostmanager: Adding  --depsfile "C:\Users\liton\OneDrive\Desktop\tech_review\tech_exercise_v.0.0.4\tech_exercise\package\exercise1\stargate.tests\bin\Debug\net8.0\fine-code-coverage\build-output\stargate.tests.deps.json" in args
TpTrace Verbose: 0 : 26804, 5, 2024/07/17, 23:46:23.918, 2950550897878, vstest.console.dll, DotnetTestHostmanager.IsWinOnArm: Current PROCESSOR_ARCHITECTURE from environment variable 'AMD64'
TpTrace Verbose: 0 : 26804, 5, 2024/07/17, 23:46:23.918, 2950550898195, vstest.console.dll, DotnetTestHostmanager.IsWinOnArm: Is Windows on ARM 'False'
TpTrace Verbose: 0 : 26804, 5, 2024/07/17, 23:46:23.918, 2950550898629, vstest.console.dll, DotnetTestHostManager: testhost.exe found at path: C:\Users\liton\OneDrive\Desktop\tech_review\tech_exercise_v.0.0.4\tech_exercise\package\exercise1\stargate.tests\bin\Debug\net8.0\fine-code-coverage\build-output\testhost.exe
TpTrace Verbose: 0 : 26804, 5, 2024/07/17, 23:46:23.918, 2950550898808, vstest.console.dll, DotnetTestHostmanager: Full path of host exe is C:\Users\liton\OneDrive\Desktop\tech_review\tech_exercise_v.0.0.4\tech_exercise\package\exercise1\stargate.tests\bin\Debug\net8.0\fine-code-coverage\build-output\testhost.exe
TpTrace Verbose: 0 : 26804, 5, 2024/07/17, 23:46:23.918, 2950550899520, vstest.console.dll, DotnetTestHostmanager.LaunchTestHostAsync: Found 'VSTEST_WINAPPHOST_DOTNET_ROOT' in env variables, value 'C:\Program Files\dotnet', forwarding to 'DOTNET_ROOT'
TpTrace Verbose: 0 : 26804, 5, 2024/07/17, 23:46:23.918, 2950550900264, vstest.console.dll, DotnetTestHostManager: Starting process 'C:\Users\liton\OneDrive\Desktop\tech_review\tech_exercise_v.0.0.4\tech_exercise\package\exercise1\stargate.tests\bin\Debug\net8.0\fine-code-coverage\build-output\testhost.exe' with command line ' --runtimeconfig "C:\Users\liton\OneDrive\Desktop\tech_review\tech_exercise_v.0.0.4\tech_exercise\package\exercise1\stargate.tests\bin\Debug\net8.0\fine-code-coverage\build-output\stargate.tests.runtimeconfig.json" --depsfile "C:\Users\liton\OneDrive\Desktop\tech_review\tech_exercise_v.0.0.4\tech_exercise\package\exercise1\stargate.tests\bin\Debug\net8.0\fine-code-coverage\build-output\stargate.tests.deps.json" --port 60332 --endpoint 127.0.0.1:060332 --role client --parentprocessid 26804 --diag "C:\Users\liton\OneDrive\Desktop\tech_review\tech_exercise_v.0.0.4\tech_exercise\package\exercise1\stargate.tests\bin\Debug\net8.0\fine-code-coverage\coverage-tool-output\diagnostics.host.24-07-17_23-46-23_91755_5.log" --tracelevel 4 --datacollectionport 60331 --telemetryoptedin false'
TpTrace Verbose: 0 : 26804, 5, 2024/07/17, 23:46:23.946, 2950551185015, vstest.console.dll, MulticastDelegateUtilities.SafeInvoke: HostProviderEvents.OnHostLaunched: Invoking callback 1/2 for Microsoft.VisualStudio.TestPlatform.CrossPlatEngine.Client.ProxyExecutionManagerWithDataCollection., took 0 ms.
TpTrace Verbose: 0 : 26804, 5, 2024/07/17, 23:46:23.947, 2950551187619, vstest.console.dll, Test Runtime launched
TpTrace Verbose: 0 : 26804, 5, 2024/07/17, 23:46:23.947, 2950551188120, vstest.console.dll, MulticastDelegateUtilities.SafeInvoke: HostProviderEvents.OnHostLaunched: Invoking callback 2/2 for Microsoft.VisualStudio.TestPlatform.CrossPlatEngine.Client.ProxyOperationManager., took 0 ms.
TpTrace Verbose: 0 : 26804, 5, 2024/07/17, 23:46:23.947, 2950551188984, vstest.console.dll, TestRequestSender.WaitForRequestHandlerConnection: waiting for connection with timeout: 90000.
TpTrace Verbose: 0 : 26804, 5, 2024/07/17, 23:46:24.079, 2950552516723, vstest.console.dll, TestRequestSender.WaitForRequestHandlerConnection: waiting took 132 ms, with timeout 90000 ms, and result 0, which is success.
TpTrace Verbose: 0 : 26804, 7, 2024/07/17, 23:46:24.079, 2950552516721, vstest.console.dll, MulticastDelegateUtilities.SafeInvoke: SocketServer: ClientConnected: Invoking callback 1/1 for Microsoft.VisualStudio.TestPlatform.CommunicationUtilities.TestRequestSender., took 0 ms.
TpTrace Verbose: 0 : 26804, 7, 2024/07/17, 23:46:24.080, 2950552519125, vstest.console.dll, SocketServer.OnClientConnected: Client connected for endPoint: 127.0.0.1:60332, starting MessageLoopAsync:
TpTrace Verbose: 0 : 26804, 7, 2024/07/17, 23:46:24.080, 2950552523130, vstest.console.dll, TcpClientExtensions.MessageLoopAsync: Polling on remoteEndPoint: 127.0.0.1:60333 localEndPoint: 127.0.0.1:60332 after 0 ms
TpTrace Verbose: 0 : 26804, 5, 2024/07/17, 23:46:24.080, 2950552524518, vstest.console.dll, TestRequestSender.CheckVersionWithTestHost: Sending check version message: {"MessageType":"ProtocolVersion","Payload":7}
TpTrace Verbose: 0 : 26804, 7, 2024/07/17, 23:46:24.139, 2950553114687, vstest.console.dll, TcpClientExtensions.MessageLoopAsync: NotifyDataAvailable remoteEndPoint: 127.0.0.1:60333 localEndPoint: 127.0.0.1:60332
TpTrace Verbose: 0 : 26804, 7, 2024/07/17, 23:46:24.139, 2950553116772, vstest.console.dll, TestRequestSender.CheckVersionWithTestHost: onMessageReceived received message: (ProtocolVersion) -> {"MessageType":"ProtocolVersion","Payload":7}
TpTrace Verbose: 0 : 26804, 7, 2024/07/17, 23:46:24.140, 2950553120910, vstest.console.dll, MulticastDelegateUtilities.SafeInvoke: LengthPrefixCommunicationChannel: MessageReceived: Invoking callback 1/1 for Microsoft.VisualStudio.TestPlatform.CommunicationUtilities.TestRequestSender+<>c__DisplayClass29_0., took 0 ms.
TpTrace Verbose: 0 : 26804, 5, 2024/07/17, 23:46:24.140, 2950553121633, vstest.console.dll, TestPluginCache.GetExtensionPaths: Filtered extension paths: 
TpTrace Verbose: 0 : 26804, 7, 2024/07/17, 23:46:24.140, 2950553122164, vstest.console.dll, TcpClientExtensions.MessageLoopAsync: Polling on remoteEndPoint: 127.0.0.1:60333 localEndPoint: 127.0.0.1:60332 after 59 ms
TpTrace Verbose: 0 : 26804, 5, 2024/07/17, 23:46:24.140, 2950553122662, vstest.console.dll, TestPluginCache.GetExtensionPaths: Added default extension paths: C:\Program Files\dotnet\sdk\8.0.303\Extensions\Microsoft.Diagnostics.NETCore.Client.dll
C:\Program Files\dotnet\sdk\8.0.303\Extensions\Microsoft.TestPlatform.Extensions.BlameDataCollector.dll
C:\Program Files\dotnet\sdk\8.0.303\Extensions\Microsoft.TestPlatform.Extensions.EventLogCollector.dll
C:\Program Files\dotnet\sdk\8.0.303\Extensions\Microsoft.TestPlatform.TestHostRuntimeProvider.dll
C:\Program Files\dotnet\sdk\8.0.303\Extensions\Microsoft.VisualStudio.TestPlatform.Extensions.Html.TestLogger.dll
C:\Program Files\dotnet\sdk\8.0.303\Extensions\Microsoft.VisualStudio.TestPlatform.Extensions.Trx.TestLogger.dll
TpTrace Verbose: 0 : 26804, 5, 2024/07/17, 23:46:24.140, 2950553123084, vstest.console.dll, TestPluginCache.GetExtensionPaths: Added unfilterableExtensionPaths: 
TpTrace Verbose: 0 : 26804, 5, 2024/07/17, 23:46:24.142, 2950553139219, vstest.console.dll, TestRequestSender.InitializeExecution: Sending initialize execution with message: {"Version":7,"MessageType":"TestExecution.Initialize","Payload":["C:\\Users\\liton\\OneDrive\\Desktop\\tech_review\\tech_exercise_v.0.0.4\\tech_exercise\\package\\exercise1\\stargate.tests\\bin\\Debug\\net8.0\\fine-code-coverage\\build-output\\xunit.runner.visualstudio.testadapter.dll"]}
TpTrace Verbose: 0 : 26804, 5, 2024/07/17, 23:46:24.142, 2950553140920, vstest.console.dll, ParallelProxyExecutionManager.StartTestRunOnConcurrentManager: Execution starting. Started clients: 1
TpTrace Verbose: 0 : 26804, 5, 2024/07/17, 23:46:24.142, 2950553142564, vstest.console.dll, TestRunRequest:SendTestRunMessage: Starting.
TpTrace Verbose: 0 : 26804, 5, 2024/07/17, 23:46:24.142, 2950553143664, vstest.console.dll, MulticastDelegateUtilities.SafeInvoke: TestRun.LogMessages: Invoking callback 1/1 for Microsoft.VisualStudio.TestPlatform.CommandLine.TestRunResultAggregator., took 0 ms.
TpTrace Information: 0 : 26804, 5, 2024/07/17, 23:46:24.142, 2950553144801, vstest.console.dll, TestRunRequest:SendTestRunMessage: Completed.
TpTrace Verbose: 0 : 26804, 4, 2024/07/17, 23:46:24.142, 2950553144989, vstest.console.dll, MulticastDelegateUtilities.SafeInvoke: InternalTestLoggerEvents.SendTestRunMessage: Invoking callback 1/1 for Microsoft.VisualStudio.TestPlatform.CommandLine.Internal.ConsoleLogger., took 0 ms.
TpTrace Verbose: 0 : 26804, 7, 2024/07/17, 23:46:24.142, 2950553145487, vstest.console.dll, TcpClientExtensions.MessageLoopAsync: NotifyDataAvailable remoteEndPoint: 127.0.0.1:60333 localEndPoint: 127.0.0.1:60332
TpTrace Warning: 0 : 26804, 5, 2024/07/17, 23:46:24.143, 2950553148385, vstest.console.dll, InferRunSettingsHelper.MakeRunsettingsCompatible: Removing the following settings: TargetPlatform from RunSettings file. To use those settings please move to latest version of Microsoft.NET.Test.Sdk
TpTrace Verbose: 0 : 26804, 7, 2024/07/17, 23:46:24.143, 2950553152808, vstest.console.dll, TestRequestSender.OnExecutionMessageReceived: Received message: {"Version":7,"MessageType":"TestSession.Message","Payload":{"MessageLevel":0,"Message":"Logging TestHost Diagnostics in file: C:\\Users\\liton\\OneDrive\\Desktop\\tech_review\\tech_exercise_v.0.0.4\\tech_exercise\\package\\exercise1\\stargate.tests\\bin\\Debug\\net8.0\\fine-code-coverage\\coverage-tool-output\\diagnostics.host.24-07-17_23-46-23_91755_5.log"}}
TpTrace Verbose: 0 : 26804, 7, 2024/07/17, 23:46:24.144, 2950553167242, vstest.console.dll, TestRunRequest:SendTestRunMessage: Starting.
TpTrace Verbose: 0 : 26804, 7, 2024/07/17, 23:46:24.145, 2950553168197, vstest.console.dll, MulticastDelegateUtilities.SafeInvoke: TestRun.LogMessages: Invoking callback 1/1 for Microsoft.VisualStudio.TestPlatform.CommandLine.TestRunResultAggregator., took 0 ms.
TpTrace Information: 0 : 26804, 7, 2024/07/17, 23:46:24.145, 2950553168483, vstest.console.dll, TestRunRequest:SendTestRunMessage: Completed.
TpTrace Verbose: 0 : 26804, 4, 2024/07/17, 23:46:24.145, 2950553168612, vstest.console.dll, MulticastDelegateUtilities.SafeInvoke: InternalTestLoggerEvents.SendTestRunMessage: Invoking callback 1/1 for Microsoft.VisualStudio.TestPlatform.CommandLine.Internal.ConsoleLogger., took 0 ms.
TpTrace Verbose: 0 : 26804, 7, 2024/07/17, 23:46:24.145, 2950553168695, vstest.console.dll, MulticastDelegateUtilities.SafeInvoke: LengthPrefixCommunicationChannel: MessageReceived: Invoking callback 1/1 for Microsoft.VisualStudio.TestPlatform.CommunicationUtilities.TestRequestSender+<>c__DisplayClass34_0., took 1 ms.
TpTrace Verbose: 0 : 26804, 7, 2024/07/17, 23:46:24.145, 2950553169424, vstest.console.dll, TcpClientExtensions.MessageLoopAsync: Polling on remoteEndPoint: 127.0.0.1:60333 localEndPoint: 127.0.0.1:60332 after 4 ms
TpTrace Verbose: 0 : 26804, 5, 2024/07/17, 23:46:24.146, 2950553181251, vstest.console.dll, TestRequestSender.StartTestRun: Sending test run with message: {"Version":7,"MessageType":"TestExecution.StartWithSources","Payload":{"AdapterSourceMap":{"_none_":["C:\\Users\\liton\\OneDrive\\Desktop\\tech_review\\tech_exercise_v.0.0.4\\tech_exercise\\package\\exercise1\\stargate.tests\\bin\\Debug\\net8.0\\fine-code-coverage\\build-output\\stargate.tests.dll"]},"RunSettings":"<RunSettings>\r\n  <RunConfiguration>\r\n    <ResultsDirectory>C:\\Users\\liton\\OneDrive\\Desktop\\tech_review\\tech_exercise_v.0.0.4\\tech_exercise\\package\\exercise1\\stargate.tests\\bin\\Debug\\net8.0\\fine-code-coverage\\coverage-tool-output</ResultsDirectory>\r\n    <TargetFrameworkVersion>.NETCoreApp,Version=v8.0</TargetFrameworkVersion>\r\n    <DesignMode>False</DesignMode>\r\n    <CollectSourceInformation>False</CollectSourceInformation>\r\n  </RunConfiguration>\r\n  <LoggerRunSettings>\r\n    <Loggers>\r\n      <Logger friendlyName=\"blame\" enabled=\"True\" />\r\n      <Logger friendlyName=\"Console\" uri=\"logger://microsoft/TestPlatform/ConsoleLogger/v1\" assemblyQualifiedName=\"Microsoft.VisualStudio.TestPlatform.CommandLine.Internal.ConsoleLogger, vstest.console, Version=15.0.0.0, Culture=neutral, PublicKeyToken=b03f5f7f11d50a3a\" codeBase=\"C:\\Program Files\\dotnet\\sdk\\8.0.303\\vstest.console.dll\" enabled=\"True\" />\r\n    </Loggers>\r\n  </LoggerRunSettings>\r\n  <DataCollectionRunSettings>\r\n    <DataCollectors>\r\n      <DataCollector friendlyName=\"blame\" enabled=\"True\">\r\n        <Configuration>\r\n          <ResultsDirectory>C:\\Users\\liton\\OneDrive\\Desktop\\tech_review\\tech_exercise_v.0.0.4\\tech_exercise\\package\\exercise1\\stargate.tests\\bin\\Debug\\net8.0\\fine-code-coverage\\coverage-tool-output</ResultsDirectory>\r\n        </Configuration>\r\n      </DataCollector>\r\n    </DataCollectors>\r\n  </DataCollectionRunSettings>\r\n</RunSettings>","TestExecutionContext":{"FrequencyOfRunStatsChangeEvent":10,"RunStatsChangeEventTimeout":"00:00:01.5000000","InIsolation":false,"KeepAlive":false,"AreTestCaseLevelEventsRequired":false,"IsDebug":false,"TestCaseFilter":null,"FilterOptions":null},"Package":null}}
TpTrace Verbose: 0 : 26804, 5, 2024/07/17, 23:46:24.146, 2950553182939, vstest.console.dll, ParallelProxyExecutionManager.StartTestRunOnConcurrentManager: Execution started. Started clients: 1
TpTrace Verbose: 0 : 26804, 7, 2024/07/17, 23:46:24.219, 2950553917049, vstest.console.dll, TcpClientExtensions.MessageLoopAsync: NotifyDataAvailable remoteEndPoint: 127.0.0.1:60333 localEndPoint: 127.0.0.1:60332
TpTrace Verbose: 0 : 26804, 7, 2024/07/17, 23:46:24.220, 2950553918521, vstest.console.dll, TestRequestSender.OnExecutionMessageReceived: Received message: {"Version":7,"MessageType":"TestSession.Message","Payload":{"MessageLevel":0,"Message":"[xUnit.net 00:00:00.00] xUnit.net VSTest Adapter v2.8.2+699d445a1a (64-bit .NET 8.0.7)"}}
TpTrace Verbose: 0 : 26804, 7, 2024/07/17, 23:46:24.220, 2950553920027, vstest.console.dll, TestRunRequest:SendTestRunMessage: Starting.
TpTrace Verbose: 0 : 26804, 7, 2024/07/17, 23:46:24.220, 2950553920592, vstest.console.dll, MulticastDelegateUtilities.SafeInvoke: TestRun.LogMessages: Invoking callback 1/1 for Microsoft.VisualStudio.TestPlatform.CommandLine.TestRunResultAggregator., took 0 ms.
TpTrace Information: 0 : 26804, 7, 2024/07/17, 23:46:24.220, 2950553920820, vstest.console.dll, TestRunRequest:SendTestRunMessage: Completed.
TpTrace Verbose: 0 : 26804, 7, 2024/07/17, 23:46:24.220, 2950553920972, vstest.console.dll, MulticastDelegateUtilities.SafeInvoke: LengthPrefixCommunicationChannel: MessageReceived: Invoking callback 1/1 for Microsoft.VisualStudio.TestPlatform.CommunicationUtilities.TestRequestSender+<>c__DisplayClass34_0., took 0 ms.
TpTrace Verbose: 0 : 26804, 7, 2024/07/17, 23:46:24.220, 2950553921137, vstest.console.dll, TcpClientExtensions.MessageLoopAsync: Polling on remoteEndPoint: 127.0.0.1:60333 localEndPoint: 127.0.0.1:60332 after 75 ms
TpTrace Verbose: 0 : 26804, 4, 2024/07/17, 23:46:24.220, 2950553921399, vstest.console.dll, MulticastDelegateUtilities.SafeInvoke: InternalTestLoggerEvents.SendTestRunMessage: Invoking callback 1/1 for Microsoft.VisualStudio.TestPlatform.CommandLine.Internal.ConsoleLogger., took 0 ms.
TpTrace Verbose: 0 : 26804, 7, 2024/07/17, 23:46:24.775, 2950559468778, vstest.console.dll, TcpClientExtensions.MessageLoopAsync: NotifyDataAvailable remoteEndPoint: 127.0.0.1:60333 localEndPoint: 127.0.0.1:60332
TpTrace Verbose: 0 : 26804, 7, 2024/07/17, 23:46:24.775, 2950559470449, vstest.console.dll, TestRequestSender.OnExecutionMessageReceived: Received message: {"Version":7,"MessageType":"TestSession.Message","Payload":{"MessageLevel":0,"Message":"[xUnit.net 00:00:00.55]   Discovering: stargate.tests"}}
TpTrace Verbose: 0 : 26804, 7, 2024/07/17, 23:46:24.775, 2950559471545, vstest.console.dll, TestRunRequest:SendTestRunMessage: Starting.
TpTrace Verbose: 0 : 26804, 7, 2024/07/17, 23:46:24.775, 2950559471968, vstest.console.dll, MulticastDelegateUtilities.SafeInvoke: TestRun.LogMessages: Invoking callback 1/1 for Microsoft.VisualStudio.TestPlatform.CommandLine.TestRunResultAggregator., took 0 ms.
TpTrace Information: 0 : 26804, 7, 2024/07/17, 23:46:24.775, 2950559472125, vstest.console.dll, TestRunRequest:SendTestRunMessage: Completed.
TpTrace Verbose: 0 : 26804, 7, 2024/07/17, 23:46:24.775, 2950559472318, vstest.console.dll, MulticastDelegateUtilities.SafeInvoke: LengthPrefixCommunicationChannel: MessageReceived: Invoking callback 1/1 for Microsoft.VisualStudio.TestPlatform.CommunicationUtilities.TestRequestSender+<>c__DisplayClass34_0., took 0 ms.
TpTrace Verbose: 0 : 26804, 4, 2024/07/17, 23:46:24.775, 2950559472423, vstest.console.dll, MulticastDelegateUtilities.SafeInvoke: InternalTestLoggerEvents.SendTestRunMessage: Invoking callback 1/1 for Microsoft.VisualStudio.TestPlatform.CommandLine.Internal.ConsoleLogger., took 0 ms.
TpTrace Verbose: 0 : 26804, 7, 2024/07/17, 23:46:24.775, 2950559472520, vstest.console.dll, TcpClientExtensions.MessageLoopAsync: Polling on remoteEndPoint: 127.0.0.1:60333 localEndPoint: 127.0.0.1:60332 after 555 ms
TpTrace Verbose: 0 : 26804, 7, 2024/07/17, 23:46:24.795, 2950559669942, vstest.console.dll, TcpClientExtensions.MessageLoopAsync: NotifyDataAvailable remoteEndPoint: 127.0.0.1:60333 localEndPoint: 127.0.0.1:60332
TpTrace Verbose: 0 : 26804, 7, 2024/07/17, 23:46:24.795, 2950559671591, vstest.console.dll, TestRequestSender.OnExecutionMessageReceived: Received message: {"Version":7,"MessageType":"TestSession.Message","Payload":{"MessageLevel":0,"Message":"[xUnit.net 00:00:00.57]   Discovered:  stargate.tests"}}
TpTrace Verbose: 0 : 26804, 7, 2024/07/17, 23:46:24.795, 2950559672660, vstest.console.dll, TestRunRequest:SendTestRunMessage: Starting.
TpTrace Verbose: 0 : 26804, 7, 2024/07/17, 23:46:24.795, 2950559673062, vstest.console.dll, MulticastDelegateUtilities.SafeInvoke: TestRun.LogMessages: Invoking callback 1/1 for Microsoft.VisualStudio.TestPlatform.CommandLine.TestRunResultAggregator., took 0 ms.
TpTrace Information: 0 : 26804, 7, 2024/07/17, 23:46:24.795, 2950559673356, vstest.console.dll, TestRunRequest:SendTestRunMessage: Completed.
TpTrace Verbose: 0 : 26804, 4, 2024/07/17, 23:46:24.795, 2950559673387, vstest.console.dll, MulticastDelegateUtilities.SafeInvoke: InternalTestLoggerEvents.SendTestRunMessage: Invoking callback 1/1 for Microsoft.VisualStudio.TestPlatform.CommandLine.Internal.ConsoleLogger., took 0 ms.
TpTrace Verbose: 0 : 26804, 7, 2024/07/17, 23:46:24.795, 2950559673567, vstest.console.dll, MulticastDelegateUtilities.SafeInvoke: LengthPrefixCommunicationChannel: MessageReceived: Invoking callback 1/1 for Microsoft.VisualStudio.TestPlatform.CommunicationUtilities.TestRequestSender+<>c__DisplayClass34_0., took 0 ms.
TpTrace Verbose: 0 : 26804, 7, 2024/07/17, 23:46:24.795, 2950559674331, vstest.console.dll, TcpClientExtensions.MessageLoopAsync: Polling on remoteEndPoint: 127.0.0.1:60333 localEndPoint: 127.0.0.1:60332 after 20 ms
TpTrace Verbose: 0 : 26804, 7, 2024/07/17, 23:46:24.797, 2950559688578, vstest.console.dll, TcpClientExtensions.MessageLoopAsync: NotifyDataAvailable remoteEndPoint: 127.0.0.1:60333 localEndPoint: 127.0.0.1:60332
TpTrace Verbose: 0 : 26804, 7, 2024/07/17, 23:46:24.797, 2950559689115, vstest.console.dll, TestRequestSender.OnExecutionMessageReceived: Received message: {"Version":7,"MessageType":"TestSession.Message","Payload":{"MessageLevel":0,"Message":"[xUnit.net 00:00:00.57]   Starting:    stargate.tests"}}
TpTrace Verbose: 0 : 26804, 7, 2024/07/17, 23:46:24.797, 2950559689810, vstest.console.dll, TestRunRequest:SendTestRunMessage: Starting.
TpTrace Verbose: 0 : 26804, 7, 2024/07/17, 23:46:24.797, 2950559690121, vstest.console.dll, MulticastDelegateUtilities.SafeInvoke: TestRun.LogMessages: Invoking callback 1/1 for Microsoft.VisualStudio.TestPlatform.CommandLine.TestRunResultAggregator., took 0 ms.
TpTrace Information: 0 : 26804, 7, 2024/07/17, 23:46:24.797, 2950559690354, vstest.console.dll, TestRunRequest:SendTestRunMessage: Completed.
TpTrace Verbose: 0 : 26804, 7, 2024/07/17, 23:46:24.797, 2950559690524, vstest.console.dll, MulticastDelegateUtilities.SafeInvoke: LengthPrefixCommunicationChannel: MessageReceived: Invoking callback 1/1 for Microsoft.VisualStudio.TestPlatform.CommunicationUtilities.TestRequestSender+<>c__DisplayClass34_0., took 0 ms.
TpTrace Verbose: 0 : 26804, 4, 2024/07/17, 23:46:24.797, 2950559690589, vstest.console.dll, MulticastDelegateUtilities.SafeInvoke: InternalTestLoggerEvents.SendTestRunMessage: Invoking callback 1/1 for Microsoft.VisualStudio.TestPlatform.CommandLine.Internal.ConsoleLogger., took 0 ms.
TpTrace Verbose: 0 : 26804, 7, 2024/07/17, 23:46:24.797, 2950559690706, vstest.console.dll, TcpClientExtensions.MessageLoopAsync: Polling on remoteEndPoint: 127.0.0.1:60333 localEndPoint: 127.0.0.1:60332 after 1 ms
TpTrace Verbose: 0 : 26804, 7, 2024/07/17, 23:46:24.879, 2950560516875, vstest.console.dll, TcpClientExtensions.MessageLoopAsync: NotifyDataAvailable remoteEndPoint: 127.0.0.1:60333 localEndPoint: 127.0.0.1:60332
TpTrace Verbose: 0 : 26804, 7, 2024/07/17, 23:46:24.880, 2950560518383, vstest.console.dll, TestRequestSender.OnExecutionMessageReceived: Received message: {"Version":7,"MessageType":"TestSession.Message","Payload":{"MessageLevel":2,"Message":"[xUnit.net 00:00:00.66]     stargate.tests.AstronautDutyControllersTest.GetAstronautDutiesByName_ReturnSuccess [FAIL]"}}
TpTrace Verbose: 0 : 26804, 7, 2024/07/17, 23:46:24.880, 2950560519348, vstest.console.dll, TestRunRequest:SendTestRunMessage: Starting.
TpTrace Verbose: 0 : 26804, 7, 2024/07/17, 23:46:24.880, 2950560519783, vstest.console.dll, MulticastDelegateUtilities.SafeInvoke: TestRun.LogMessages: Invoking callback 1/1 for Microsoft.VisualStudio.TestPlatform.CommandLine.TestRunResultAggregator., took 0 ms.
TpTrace Information: 0 : 26804, 7, 2024/07/17, 23:46:24.880, 2950560520047, vstest.console.dll, TestRunRequest:SendTestRunMessage: Completed.
TpTrace Verbose: 0 : 26804, 7, 2024/07/17, 23:46:24.880, 2950560520287, vstest.console.dll, MulticastDelegateUtilities.SafeInvoke: LengthPrefixCommunicationChannel: MessageReceived: Invoking callback 1/1 for Microsoft.VisualStudio.TestPlatform.CommunicationUtilities.TestRequestSender+<>c__DisplayClass34_0., took 0 ms.
TpTrace Verbose: 0 : 26804, 7, 2024/07/17, 23:46:24.880, 2950560520701, vstest.console.dll, TcpClientExtensions.MessageLoopAsync: Polling on remoteEndPoint: 127.0.0.1:60333 localEndPoint: 127.0.0.1:60332 after 82 ms
TpTrace Verbose: 0 : 26804, 4, 2024/07/17, 23:46:24.880, 2950560521174, vstest.console.dll, MulticastDelegateUtilities.SafeInvoke: InternalTestLoggerEvents.SendTestRunMessage: Invoking callback 1/1 for Microsoft.VisualStudio.TestPlatform.CommandLine.Internal.ConsoleLogger., took 0 ms.
TpTrace Verbose: 0 : 26804, 7, 2024/07/17, 23:46:24.880, 2950560522292, vstest.console.dll, TcpClientExtensions.MessageLoopAsync: NotifyDataAvailable remoteEndPoint: 127.0.0.1:60333 localEndPoint: 127.0.0.1:60332
TpTrace Verbose: 0 : 26804, 7, 2024/07/17, 23:46:24.880, 2950560523370, vstest.console.dll, TestRequestSender.OnExecutionMessageReceived: Received message: {"Version":7,"MessageType":"TestSession.Message","Payload":{"MessageLevel":0,"Message":"[xUnit.net 00:00:00.66]       Assert.IsType() Failure: Value is not the exact type"}}
TpTrace Verbose: 0 : 26804, 7, 2024/07/17, 23:46:24.880, 2950560524570, vstest.console.dll, TestRunRequest:SendTestRunMessage: Starting.
TpTrace Verbose: 0 : 26804, 7, 2024/07/17, 23:46:24.880, 2950560525233, vstest.console.dll, MulticastDelegateUtilities.SafeInvoke: TestRun.LogMessages: Invoking callback 1/1 for Microsoft.VisualStudio.TestPlatform.CommandLine.TestRunResultAggregator., took 0 ms.
TpTrace Information: 0 : 26804, 7, 2024/07/17, 23:46:24.880, 2950560525716, vstest.console.dll, TestRunRequest:SendTestRunMessage: Completed.
TpTrace Verbose: 0 : 26804, 4, 2024/07/17, 23:46:24.880, 2950560525966, vstest.console.dll, MulticastDelegateUtilities.SafeInvoke: InternalTestLoggerEvents.SendTestRunMessage: Invoking callback 1/1 for Microsoft.VisualStudio.TestPlatform.CommandLine.Internal.ConsoleLogger., took 0 ms.
TpTrace Verbose: 0 : 26804, 7, 2024/07/17, 23:46:24.880, 2950560526121, vstest.console.dll, MulticastDelegateUtilities.SafeInvoke: LengthPrefixCommunicationChannel: MessageReceived: Invoking callback 1/1 for Microsoft.VisualStudio.TestPlatform.CommunicationUtilities.TestRequestSender+<>c__DisplayClass34_0., took 0 ms.
TpTrace Verbose: 0 : 26804, 7, 2024/07/17, 23:46:24.880, 2950560526905, vstest.console.dll, TcpClientExtensions.MessageLoopAsync: Polling on remoteEndPoint: 127.0.0.1:60333 localEndPoint: 127.0.0.1:60332 after 0 ms
TpTrace Verbose: 0 : 26804, 7, 2024/07/17, 23:46:24.880, 2950560527190, vstest.console.dll, TcpClientExtensions.MessageLoopAsync: NotifyDataAvailable remoteEndPoint: 127.0.0.1:60333 localEndPoint: 127.0.0.1:60332
TpTrace Verbose: 0 : 26804, 7, 2024/07/17, 23:46:24.881, 2950560527535, vstest.console.dll, TestRequestSender.OnExecutionMessageReceived: Received message: {"Version":7,"MessageType":"TestSession.Message","Payload":{"MessageLevel":0,"Message":"[xUnit.net 00:00:00.66]       Expected: typeof(Microsoft.AspNetCore.Mvc.OkObjectResult)"}}
TpTrace Verbose: 0 : 26804, 7, 2024/07/17, 23:46:24.881, 2950560528202, vstest.console.dll, TestRunRequest:SendTestRunMessage: Starting.
TpTrace Verbose: 0 : 26804, 7, 2024/07/17, 23:46:24.881, 2950560528511, vstest.console.dll, MulticastDelegateUtilities.SafeInvoke: TestRun.LogMessages: Invoking callback 1/1 for Microsoft.VisualStudio.TestPlatform.CommandLine.TestRunResultAggregator., took 0 ms.
TpTrace Verbose: 0 : 26804, 4, 2024/07/17, 23:46:24.881, 2950560528628, vstest.console.dll, MulticastDelegateUtilities.SafeInvoke: InternalTestLoggerEvents.SendTestRunMessage: Invoking callback 1/1 for Microsoft.VisualStudio.TestPlatform.CommandLine.Internal.ConsoleLogger., took 0 ms.
TpTrace Information: 0 : 26804, 7, 2024/07/17, 23:46:24.881, 2950560528781, vstest.console.dll, TestRunRequest:SendTestRunMessage: Completed.
TpTrace Verbose: 0 : 26804, 7, 2024/07/17, 23:46:24.881, 2950560529299, vstest.console.dll, MulticastDelegateUtilities.SafeInvoke: LengthPrefixCommunicationChannel: MessageReceived: Invoking callback 1/1 for Microsoft.VisualStudio.TestPlatform.CommunicationUtilities.TestRequestSender+<>c__DisplayClass34_0., took 0 ms.
TpTrace Verbose: 0 : 26804, 7, 2024/07/17, 23:46:24.881, 2950560529482, vstest.console.dll, TcpClientExtensions.MessageLoopAsync: Polling on remoteEndPoint: 127.0.0.1:60333 localEndPoint: 127.0.0.1:60332 after 0 ms
TpTrace Verbose: 0 : 26804, 7, 2024/07/17, 23:46:24.881, 2950560531161, vstest.console.dll, TcpClientExtensions.MessageLoopAsync: NotifyDataAvailable remoteEndPoint: 127.0.0.1:60333 localEndPoint: 127.0.0.1:60332
TpTrace Verbose: 0 : 26804, 7, 2024/07/17, 23:46:24.881, 2950560531591, vstest.console.dll, TestRequestSender.OnExecutionMessageReceived: Received message: {"Version":7,"MessageType":"TestSession.Message","Payload":{"MessageLevel":0,"Message":"[xUnit.net 00:00:00.66]       Actual:   typeof(Microsoft.AspNetCore.Mvc.ObjectResult)"}}
TpTrace Verbose: 0 : 26804, 7, 2024/07/17, 23:46:24.881, 2950560532108, vstest.console.dll, TestRunRequest:SendTestRunMessage: Starting.
TpTrace Verbose: 0 : 26804, 7, 2024/07/17, 23:46:24.881, 2950560532446, vstest.console.dll, MulticastDelegateUtilities.SafeInvoke: TestRun.LogMessages: Invoking callback 1/1 for Microsoft.VisualStudio.TestPlatform.CommandLine.TestRunResultAggregator., took 0 ms.
TpTrace Information: 0 : 26804, 7, 2024/07/17, 23:46:24.881, 2950560534150, vstest.console.dll, TestRunRequest:SendTestRunMessage: Completed.
TpTrace Verbose: 0 : 26804, 7, 2024/07/17, 23:46:24.881, 2950560534366, vstest.console.dll, MulticastDelegateUtilities.SafeInvoke: LengthPrefixCommunicationChannel: MessageReceived: Invoking callback 1/1 for Microsoft.VisualStudio.TestPlatform.CommunicationUtilities.TestRequestSender+<>c__DisplayClass34_0., took 0 ms.
TpTrace Verbose: 0 : 26804, 4, 2024/07/17, 23:46:24.881, 2950560532522, vstest.console.dll, MulticastDelegateUtilities.SafeInvoke: InternalTestLoggerEvents.SendTestRunMessage: Invoking callback 1/1 for Microsoft.VisualStudio.TestPlatform.CommandLine.Internal.ConsoleLogger., took 0 ms.
TpTrace Verbose: 0 : 26804, 7, 2024/07/17, 23:46:24.881, 2950560534537, vstest.console.dll, TcpClientExtensions.MessageLoopAsync: Polling on remoteEndPoint: 127.0.0.1:60333 localEndPoint: 127.0.0.1:60332 after 0 ms
TpTrace Verbose: 0 : 26804, 7, 2024/07/17, 23:46:24.881, 2950560535458, vstest.console.dll, TcpClientExtensions.MessageLoopAsync: NotifyDataAvailable remoteEndPoint: 127.0.0.1:60333 localEndPoint: 127.0.0.1:60332
TpTrace Verbose: 0 : 26804, 7, 2024/07/17, 23:46:24.881, 2950560535775, vstest.console.dll, TestRequestSender.OnExecutionMessageReceived: Received message: {"Version":7,"MessageType":"TestSession.Message","Payload":{"MessageLevel":0,"Message":"[xUnit.net 00:00:00.66]       Stack Trace:"}}
TpTrace Verbose: 0 : 26804, 7, 2024/07/17, 23:46:24.881, 2950560536259, vstest.console.dll, TestRunRequest:SendTestRunMessage: Starting.
TpTrace Verbose: 0 : 26804, 7, 2024/07/17, 23:46:24.881, 2950560536531, vstest.console.dll, MulticastDelegateUtilities.SafeInvoke: TestRun.LogMessages: Invoking callback 1/1 for Microsoft.VisualStudio.TestPlatform.CommandLine.TestRunResultAggregator., took 0 ms.
TpTrace Information: 0 : 26804, 7, 2024/07/17, 23:46:24.881, 2950560536726, vstest.console.dll, TestRunRequest:SendTestRunMessage: Completed.
TpTrace Verbose: 0 : 26804, 7, 2024/07/17, 23:46:24.881, 2950560536914, vstest.console.dll, MulticastDelegateUtilities.SafeInvoke: LengthPrefixCommunicationChannel: MessageReceived: Invoking callback 1/1 for Microsoft.VisualStudio.TestPlatform.CommunicationUtilities.TestRequestSender+<>c__DisplayClass34_0., took 0 ms.
TpTrace Verbose: 0 : 26804, 7, 2024/07/17, 23:46:24.881, 2950560537080, vstest.console.dll, TcpClientExtensions.MessageLoopAsync: Polling on remoteEndPoint: 127.0.0.1:60333 localEndPoint: 127.0.0.1:60332 after 0 ms
TpTrace Verbose: 0 : 26804, 4, 2024/07/17, 23:46:24.881, 2950560537231, vstest.console.dll, MulticastDelegateUtilities.SafeInvoke: InternalTestLoggerEvents.SendTestRunMessage: Invoking callback 1/1 for Microsoft.VisualStudio.TestPlatform.CommandLine.Internal.ConsoleLogger., took 0 ms.
TpTrace Verbose: 0 : 26804, 7, 2024/07/17, 23:46:24.881, 2950560537304, vstest.console.dll, TcpClientExtensions.MessageLoopAsync: NotifyDataAvailable remoteEndPoint: 127.0.0.1:60333 localEndPoint: 127.0.0.1:60332
TpTrace Verbose: 0 : 26804, 7, 2024/07/17, 23:46:24.882, 2950560538320, vstest.console.dll, TestRequestSender.OnExecutionMessageReceived: Received message: {"Version":7,"MessageType":"TestSession.Message","Payload":{"MessageLevel":0,"Message":"[xUnit.net 00:00:00.66]         C:\\Users\\liton\\OneDrive\\Desktop\\tech_review\\tech_exercise_v.0.0.4\\tech_exercise\\package\\exercise1\\stargate.tests\\UnitTest1.cs(40,0): at stargate.tests.AstronautDutyControllersTest.GetAstronautDutiesByName_ReturnSuccess()"}}
TpTrace Verbose: 0 : 26804, 7, 2024/07/17, 23:46:24.882, 2950560538801, vstest.console.dll, TestRunRequest:SendTestRunMessage: Starting.
TpTrace Verbose: 0 : 26804, 7, 2024/07/17, 23:46:24.882, 2950560539071, vstest.console.dll, MulticastDelegateUtilities.SafeInvoke: TestRun.LogMessages: Invoking callback 1/1 for Microsoft.VisualStudio.TestPlatform.CommandLine.TestRunResultAggregator., took 0 ms.
TpTrace Information: 0 : 26804, 7, 2024/07/17, 23:46:24.882, 2950560539268, vstest.console.dll, TestRunRequest:SendTestRunMessage: Completed.
TpTrace Verbose: 0 : 26804, 7, 2024/07/17, 23:46:24.882, 2950560539431, vstest.console.dll, MulticastDelegateUtilities.SafeInvoke: LengthPrefixCommunicationChannel: MessageReceived: Invoking callback 1/1 for Microsoft.VisualStudio.TestPlatform.CommunicationUtilities.TestRequestSender+<>c__DisplayClass34_0., took 0 ms.
TpTrace Verbose: 0 : 26804, 7, 2024/07/17, 23:46:24.882, 2950560539650, vstest.console.dll, TcpClientExtensions.MessageLoopAsync: Polling on remoteEndPoint: 127.0.0.1:60333 localEndPoint: 127.0.0.1:60332 after 0 ms
TpTrace Verbose: 0 : 26804, 4, 2024/07/17, 23:46:24.882, 2950560539698, vstest.console.dll, MulticastDelegateUtilities.SafeInvoke: InternalTestLoggerEvents.SendTestRunMessage: Invoking callback 1/1 for Microsoft.VisualStudio.TestPlatform.CommandLine.Internal.ConsoleLogger., took 0 ms.
TpTrace Verbose: 0 : 26804, 7, 2024/07/17, 23:46:24.882, 2950560539882, vstest.console.dll, TcpClientExtensions.MessageLoopAsync: NotifyDataAvailable remoteEndPoint: 127.0.0.1:60333 localEndPoint: 127.0.0.1:60332
TpTrace Verbose: 0 : 26804, 7, 2024/07/17, 23:46:24.882, 2950560541619, vstest.console.dll, TestRequestSender.OnExecutionMessageReceived: Received message: {"Version":7,"MessageType":"TestSession.Message","Payload":{"MessageLevel":0,"Message":"[xUnit.net 00:00:00.66]         --- End of stack trace from previous location ---"}}
TpTrace Verbose: 0 : 26804, 7, 2024/07/17, 23:46:24.882, 2950560542929, vstest.console.dll, TestRunRequest:SendTestRunMessage: Starting.
TpTrace Verbose: 0 : 26804, 7, 2024/07/17, 23:46:24.882, 2950560543693, vstest.console.dll, MulticastDelegateUtilities.SafeInvoke: TestRun.LogMessages: Invoking callback 1/1 for Microsoft.VisualStudio.TestPlatform.CommandLine.TestRunResultAggregator., took 0 ms.
TpTrace Verbose: 0 : 26804, 4, 2024/07/17, 23:46:24.882, 2950560543830, vstest.console.dll, MulticastDelegateUtilities.SafeInvoke: InternalTestLoggerEvents.SendTestRunMessage: Invoking callback 1/1 for Microsoft.VisualStudio.TestPlatform.CommandLine.Internal.ConsoleLogger., took 0 ms.
TpTrace Information: 0 : 26804, 7, 2024/07/17, 23:46:24.882, 2950560544422, vstest.console.dll, TestRunRequest:SendTestRunMessage: Completed.
TpTrace Verbose: 0 : 26804, 7, 2024/07/17, 23:46:24.882, 2950560544806, vstest.console.dll, MulticastDelegateUtilities.SafeInvoke: LengthPrefixCommunicationChannel: MessageReceived: Invoking callback 1/1 for Microsoft.VisualStudio.TestPlatform.CommunicationUtilities.TestRequestSender+<>c__DisplayClass34_0., took 0 ms.
TpTrace Verbose: 0 : 26804, 7, 2024/07/17, 23:46:24.882, 2950560545002, vstest.console.dll, TcpClientExtensions.MessageLoopAsync: Polling on remoteEndPoint: 127.0.0.1:60333 localEndPoint: 127.0.0.1:60332 after 0 ms
TpTrace Verbose: 0 : 26804, 7, 2024/07/17, 23:46:25.440, 2950566126883, vstest.console.dll, TcpClientExtensions.MessageLoopAsync: NotifyDataAvailable remoteEndPoint: 127.0.0.1:60333 localEndPoint: 127.0.0.1:60332
TpTrace Verbose: 0 : 26804, 7, 2024/07/17, 23:46:25.441, 2950566127943, vstest.console.dll, TestRequestSender.OnExecutionMessageReceived: Received message: {"Version":7,"MessageType":"TestSession.Message","Payload":{"MessageLevel":2,"Message":"[xUnit.net 00:00:01.22]     stargate.tests.CreateAstronautDutyTests.Handle_CreateNewAstronautDutyAndCreateNewAstronautDetail [FAIL]"}}
TpTrace Verbose: 0 : 26804, 7, 2024/07/17, 23:46:25.441, 2950566128982, vstest.console.dll, TestRunRequest:SendTestRunMessage: Starting.
TpTrace Verbose: 0 : 26804, 7, 2024/07/17, 23:46:25.441, 2950566130761, vstest.console.dll, MulticastDelegateUtilities.SafeInvoke: TestRun.LogMessages: Invoking callback 1/1 for Microsoft.VisualStudio.TestPlatform.CommandLine.TestRunResultAggregator., took 0 ms.
TpTrace Information: 0 : 26804, 7, 2024/07/17, 23:46:25.441, 2950566131082, vstest.console.dll, TestRunRequest:SendTestRunMessage: Completed.
TpTrace Verbose: 0 : 26804, 4, 2024/07/17, 23:46:25.441, 2950566131128, vstest.console.dll, MulticastDelegateUtilities.SafeInvoke: InternalTestLoggerEvents.SendTestRunMessage: Invoking callback 1/1 for Microsoft.VisualStudio.TestPlatform.CommandLine.Internal.ConsoleLogger., took 0 ms.
TpTrace Verbose: 0 : 26804, 7, 2024/07/17, 23:46:25.441, 2950566131233, vstest.console.dll, MulticastDelegateUtilities.SafeInvoke: LengthPrefixCommunicationChannel: MessageReceived: Invoking callback 1/1 for Microsoft.VisualStudio.TestPlatform.CommunicationUtilities.TestRequestSender+<>c__DisplayClass34_0., took 0 ms.
TpTrace Verbose: 0 : 26804, 7, 2024/07/17, 23:46:25.441, 2950566133795, vstest.console.dll, TcpClientExtensions.MessageLoopAsync: Polling on remoteEndPoint: 127.0.0.1:60333 localEndPoint: 127.0.0.1:60332 after 558 ms
TpTrace Verbose: 0 : 26804, 7, 2024/07/17, 23:46:25.441, 2950566134224, vstest.console.dll, TcpClientExtensions.MessageLoopAsync: NotifyDataAvailable remoteEndPoint: 127.0.0.1:60333 localEndPoint: 127.0.0.1:60332
TpTrace Verbose: 0 : 26804, 7, 2024/07/17, 23:46:25.441, 2950566134953, vstest.console.dll, TestRequestSender.OnExecutionMessageReceived: Received message: {"Version":7,"MessageType":"TestSession.Message","Payload":{"MessageLevel":0,"Message":"[xUnit.net 00:00:01.22]       Assert.Equal() Failure: Strings differ"}}
TpTrace Verbose: 0 : 26804, 7, 2024/07/17, 23:46:25.441, 2950566135688, vstest.console.dll, TestRunRequest:SendTestRunMessage: Starting.
TpTrace Verbose: 0 : 26804, 7, 2024/07/17, 23:46:25.441, 2950566135967, vstest.console.dll, MulticastDelegateUtilities.SafeInvoke: TestRun.LogMessages: Invoking callback 1/1 for Microsoft.VisualStudio.TestPlatform.CommandLine.TestRunResultAggregator., took 0 ms.
TpTrace Information: 0 : 26804, 7, 2024/07/17, 23:46:25.441, 2950566136118, vstest.console.dll, TestRunRequest:SendTestRunMessage: Completed.
TpTrace Verbose: 0 : 26804, 7, 2024/07/17, 23:46:25.441, 2950566136241, vstest.console.dll, MulticastDelegateUtilities.SafeInvoke: LengthPrefixCommunicationChannel: MessageReceived: Invoking callback 1/1 for Microsoft.VisualStudio.TestPlatform.CommunicationUtilities.TestRequestSender+<>c__DisplayClass34_0., took 0 ms.
TpTrace Verbose: 0 : 26804, 7, 2024/07/17, 23:46:25.441, 2950566136381, vstest.console.dll, TcpClientExtensions.MessageLoopAsync: Polling on remoteEndPoint: 127.0.0.1:60333 localEndPoint: 127.0.0.1:60332 after 0 ms
TpTrace Verbose: 0 : 26804, 7, 2024/07/17, 23:46:25.441, 2950566136603, vstest.console.dll, TcpClientExtensions.MessageLoopAsync: NotifyDataAvailable remoteEndPoint: 127.0.0.1:60333 localEndPoint: 127.0.0.1:60332
TpTrace Verbose: 0 : 26804, 4, 2024/07/17, 23:46:25.441, 2950566136641, vstest.console.dll, MulticastDelegateUtilities.SafeInvoke: InternalTestLoggerEvents.SendTestRunMessage: Invoking callback 1/1 for Microsoft.VisualStudio.TestPlatform.CommandLine.Internal.ConsoleLogger., took 0 ms.
TpTrace Verbose: 0 : 26804, 7, 2024/07/17, 23:46:25.441, 2950566136826, vstest.console.dll, TestRequestSender.OnExecutionMessageReceived: Received message: {"Version":7,"MessageType":"TestSession.Message","Payload":{"MessageLevel":0,"Message":"[xUnit.net 00:00:01.22]                   (pos 0)"}}
TpTrace Verbose: 0 : 26804, 7, 2024/07/17, 23:46:25.442, 2950566137718, vstest.console.dll, TestRunRequest:SendTestRunMessage: Starting.
TpTrace Verbose: 0 : 26804, 7, 2024/07/17, 23:46:25.442, 2950566137983, vstest.console.dll, MulticastDelegateUtilities.SafeInvoke: TestRun.LogMessages: Invoking callback 1/1 for Microsoft.VisualStudio.TestPlatform.CommandLine.TestRunResultAggregator., took 0 ms.
TpTrace Information: 0 : 26804, 7, 2024/07/17, 23:46:25.442, 2950566138121, vstest.console.dll, TestRunRequest:SendTestRunMessage: Completed.
TpTrace Verbose: 0 : 26804, 7, 2024/07/17, 23:46:25.442, 2950566138237, vstest.console.dll, MulticastDelegateUtilities.SafeInvoke: LengthPrefixCommunicationChannel: MessageReceived: Invoking callback 1/1 for Microsoft.VisualStudio.TestPlatform.CommunicationUtilities.TestRequestSender+<>c__DisplayClass34_0., took 0 ms.
TpTrace Verbose: 0 : 26804, 7, 2024/07/17, 23:46:25.442, 2950566138358, vstest.console.dll, TcpClientExtensions.MessageLoopAsync: Polling on remoteEndPoint: 127.0.0.1:60333 localEndPoint: 127.0.0.1:60332 after 0 ms
TpTrace Verbose: 0 : 26804, 7, 2024/07/17, 23:46:25.442, 2950566138515, vstest.console.dll, TcpClientExtensions.MessageLoopAsync: NotifyDataAvailable remoteEndPoint: 127.0.0.1:60333 localEndPoint: 127.0.0.1:60332
TpTrace Verbose: 0 : 26804, 4, 2024/07/17, 23:46:25.442, 2950566138545, vstest.console.dll, MulticastDelegateUtilities.SafeInvoke: InternalTestLoggerEvents.SendTestRunMessage: Invoking callback 1/1 for Microsoft.VisualStudio.TestPlatform.CommandLine.Internal.ConsoleLogger., took 0 ms.
TpTrace Verbose: 0 : 26804, 7, 2024/07/17, 23:46:25.442, 2950566138737, vstest.console.dll, TestRequestSender.OnExecutionMessageReceived: Received message: {"Version":7,"MessageType":"TestSession.Message","Payload":{"MessageLevel":0,"Message":"[xUnit.net 00:00:01.22]       Expected: \"Engineer\""}}
TpTrace Verbose: 0 : 26804, 7, 2024/07/17, 23:46:25.442, 2950566141525, vstest.console.dll, TestRunRequest:SendTestRunMessage: Starting.
TpTrace Verbose: 0 : 26804, 7, 2024/07/17, 23:46:25.442, 2950566142062, vstest.console.dll, MulticastDelegateUtilities.SafeInvoke: TestRun.LogMessages: Invoking callback 1/1 for Microsoft.VisualStudio.TestPlatform.CommandLine.TestRunResultAggregator., took 0 ms.
TpTrace Information: 0 : 26804, 7, 2024/07/17, 23:46:25.442, 2950566142359, vstest.console.dll, TestRunRequest:SendTestRunMessage: Completed.
TpTrace Verbose: 0 : 26804, 7, 2024/07/17, 23:46:25.442, 2950566142634, vstest.console.dll, MulticastDelegateUtilities.SafeInvoke: LengthPrefixCommunicationChannel: MessageReceived: Invoking callback 1/1 for Microsoft.VisualStudio.TestPlatform.CommunicationUtilities.TestRequestSender+<>c__DisplayClass34_0., took 0 ms.
TpTrace Verbose: 0 : 26804, 7, 2024/07/17, 23:46:25.442, 2950566142906, vstest.console.dll, TcpClientExtensions.MessageLoopAsync: Polling on remoteEndPoint: 127.0.0.1:60333 localEndPoint: 127.0.0.1:60332 after 0 ms
TpTrace Verbose: 0 : 26804, 7, 2024/07/17, 23:46:25.442, 2950566143329, vstest.console.dll, TcpClientExtensions.MessageLoopAsync: NotifyDataAvailable remoteEndPoint: 127.0.0.1:60333 localEndPoint: 127.0.0.1:60332
TpTrace Verbose: 0 : 26804, 4, 2024/07/17, 23:46:25.442, 2950566142157, vstest.console.dll, MulticastDelegateUtilities.SafeInvoke: InternalTestLoggerEvents.SendTestRunMessage: Invoking callback 1/1 for Microsoft.VisualStudio.TestPlatform.CommandLine.Internal.ConsoleLogger., took 0 ms.
TpTrace Verbose: 0 : 26804, 7, 2024/07/17, 23:46:25.442, 2950566143755, vstest.console.dll, TestRequestSender.OnExecutionMessageReceived: Received message: {"Version":7,"MessageType":"TestSession.Message","Payload":{"MessageLevel":0,"Message":"[xUnit.net 00:00:01.22]       Actual:   \"Commander\""}}
TpTrace Verbose: 0 : 26804, 7, 2024/07/17, 23:46:25.442, 2950566145385, vstest.console.dll, TestRunRequest:SendTestRunMessage: Starting.
TpTrace Verbose: 0 : 26804, 7, 2024/07/17, 23:46:25.442, 2950566145688, vstest.console.dll, MulticastDelegateUtilities.SafeInvoke: TestRun.LogMessages: Invoking callback 1/1 for Microsoft.VisualStudio.TestPlatform.CommandLine.TestRunResultAggregator., took 0 ms.
TpTrace Information: 0 : 26804, 7, 2024/07/17, 23:46:25.442, 2950566145837, vstest.console.dll, TestRunRequest:SendTestRunMessage: Completed.
TpTrace Verbose: 0 : 26804, 7, 2024/07/17, 23:46:25.442, 2950566145960, vstest.console.dll, MulticastDelegateUtilities.SafeInvoke: LengthPrefixCommunicationChannel: MessageReceived: Invoking callback 1/1 for Microsoft.VisualStudio.TestPlatform.CommunicationUtilities.TestRequestSender+<>c__DisplayClass34_0., took 0 ms.
TpTrace Verbose: 0 : 26804, 7, 2024/07/17, 23:46:25.442, 2950566146252, vstest.console.dll, TcpClientExtensions.MessageLoopAsync: Polling on remoteEndPoint: 127.0.0.1:60333 localEndPoint: 127.0.0.1:60332 after 0 ms
TpTrace Verbose: 0 : 26804, 4, 2024/07/17, 23:46:25.442, 2950566146242, vstest.console.dll, MulticastDelegateUtilities.SafeInvoke: InternalTestLoggerEvents.SendTestRunMessage: Invoking callback 1/1 for Microsoft.VisualStudio.TestPlatform.CommandLine.Internal.ConsoleLogger., took 0 ms.
TpTrace Verbose: 0 : 26804, 7, 2024/07/17, 23:46:25.442, 2950566146479, vstest.console.dll, TcpClientExtensions.MessageLoopAsync: NotifyDataAvailable remoteEndPoint: 127.0.0.1:60333 localEndPoint: 127.0.0.1:60332
TpTrace Verbose: 0 : 26804, 7, 2024/07/17, 23:46:25.443, 2950566149006, vstest.console.dll, TestRequestSender.OnExecutionMessageReceived: Received message: {"Version":7,"MessageType":"TestSession.Message","Payload":{"MessageLevel":0,"Message":"[xUnit.net 00:00:01.22]                   (pos 0)"}}
TpTrace Verbose: 0 : 26804, 7, 2024/07/17, 23:46:25.443, 2950566149834, vstest.console.dll, TestRunRequest:SendTestRunMessage: Starting.
TpTrace Verbose: 0 : 26804, 7, 2024/07/17, 23:46:25.443, 2950566150312, vstest.console.dll, MulticastDelegateUtilities.SafeInvoke: TestRun.LogMessages: Invoking callback 1/1 for Microsoft.VisualStudio.TestPlatform.CommandLine.TestRunResultAggregator., took 0 ms.
TpTrace Verbose: 0 : 26804, 4, 2024/07/17, 23:46:25.443, 2950566150419, vstest.console.dll, MulticastDelegateUtilities.SafeInvoke: InternalTestLoggerEvents.SendTestRunMessage: Invoking callback 1/1 for Microsoft.VisualStudio.TestPlatform.CommandLine.Internal.ConsoleLogger., took 0 ms.
TpTrace Information: 0 : 26804, 7, 2024/07/17, 23:46:25.443, 2950566150599, vstest.console.dll, TestRunRequest:SendTestRunMessage: Completed.
TpTrace Verbose: 0 : 26804, 7, 2024/07/17, 23:46:25.443, 2950566151733, vstest.console.dll, MulticastDelegateUtilities.SafeInvoke: LengthPrefixCommunicationChannel: MessageReceived: Invoking callback 1/1 for Microsoft.VisualStudio.TestPlatform.CommunicationUtilities.TestRequestSender+<>c__DisplayClass34_0., took 0 ms.
TpTrace Verbose: 0 : 26804, 7, 2024/07/17, 23:46:25.443, 2950566151989, vstest.console.dll, TcpClientExtensions.MessageLoopAsync: Polling on remoteEndPoint: 127.0.0.1:60333 localEndPoint: 127.0.0.1:60332 after 0 ms
TpTrace Verbose: 0 : 26804, 7, 2024/07/17, 23:46:25.443, 2950566152192, vstest.console.dll, TcpClientExtensions.MessageLoopAsync: NotifyDataAvailable remoteEndPoint: 127.0.0.1:60333 localEndPoint: 127.0.0.1:60332
TpTrace Verbose: 0 : 26804, 7, 2024/07/17, 23:46:25.443, 2950566152484, vstest.console.dll, TestRequestSender.OnExecutionMessageReceived: Received message: {"Version":7,"MessageType":"TestSession.Message","Payload":{"MessageLevel":0,"Message":"[xUnit.net 00:00:01.22]       Stack Trace:"}}
TpTrace Verbose: 0 : 26804, 7, 2024/07/17, 23:46:25.443, 2950566153097, vstest.console.dll, TestRunRequest:SendTestRunMessage: Starting.
TpTrace Verbose: 0 : 26804, 7, 2024/07/17, 23:46:25.443, 2950566153351, vstest.console.dll, MulticastDelegateUtilities.SafeInvoke: TestRun.LogMessages: Invoking callback 1/1 for Microsoft.VisualStudio.TestPlatform.CommandLine.TestRunResultAggregator., took 0 ms.
TpTrace Information: 0 : 26804, 7, 2024/07/17, 23:46:25.443, 2950566153503, vstest.console.dll, TestRunRequest:SendTestRunMessage: Completed.
TpTrace Verbose: 0 : 26804, 7, 2024/07/17, 23:46:25.443, 2950566153620, vstest.console.dll, MulticastDelegateUtilities.SafeInvoke: LengthPrefixCommunicationChannel: MessageReceived: Invoking callback 1/1 for Microsoft.VisualStudio.TestPlatform.CommunicationUtilities.TestRequestSender+<>c__DisplayClass34_0., took 0 ms.
TpTrace Verbose: 0 : 26804, 7, 2024/07/17, 23:46:25.443, 2950566153765, vstest.console.dll, TcpClientExtensions.MessageLoopAsync: Polling on remoteEndPoint: 127.0.0.1:60333 localEndPoint: 127.0.0.1:60332 after 0 ms
TpTrace Verbose: 0 : 26804, 7, 2024/07/17, 23:46:25.443, 2950566153912, vstest.console.dll, TcpClientExtensions.MessageLoopAsync: NotifyDataAvailable remoteEndPoint: 127.0.0.1:60333 localEndPoint: 127.0.0.1:60332
TpTrace Verbose: 0 : 26804, 7, 2024/07/17, 23:46:25.443, 2950566154149, vstest.console.dll, TestRequestSender.OnExecutionMessageReceived: Received message: {"Version":7,"MessageType":"TestSession.Message","Payload":{"MessageLevel":0,"Message":"[xUnit.net 00:00:01.22]         C:\\Users\\liton\\OneDrive\\Desktop\\tech_review\\tech_exercise_v.0.0.4\\tech_exercise\\package\\exercise1\\stargate.tests\\CreateAstronautDutyTests.cs(118,0): at stargate.tests.CreateAstronautDutyTests.Handle_CreateNewAstronautDutyAndCreateNewAstronautDetail()"}}
TpTrace Verbose: 0 : 26804, 7, 2024/07/17, 23:46:25.443, 2950566154546, vstest.console.dll, TestRunRequest:SendTestRunMessage: Starting.
TpTrace Verbose: 0 : 26804, 7, 2024/07/17, 23:46:25.443, 2950566154689, vstest.console.dll, MulticastDelegateUtilities.SafeInvoke: TestRun.LogMessages: Invoking callback 1/1 for Microsoft.VisualStudio.TestPlatform.CommandLine.TestRunResultAggregator., took 0 ms.
TpTrace Information: 0 : 26804, 7, 2024/07/17, 23:46:25.443, 2950566154831, vstest.console.dll, TestRunRequest:SendTestRunMessage: Completed.
TpTrace Verbose: 0 : 26804, 4, 2024/07/17, 23:46:25.443, 2950566154696, vstest.console.dll, MulticastDelegateUtilities.SafeInvoke: InternalTestLoggerEvents.SendTestRunMessage: Invoking callback 1/1 for Microsoft.VisualStudio.TestPlatform.CommandLine.Internal.ConsoleLogger., took 0 ms.
TpTrace Verbose: 0 : 26804, 7, 2024/07/17, 23:46:25.443, 2950566155275, vstest.console.dll, MulticastDelegateUtilities.SafeInvoke: LengthPrefixCommunicationChannel: MessageReceived: Invoking callback 1/1 for Microsoft.VisualStudio.TestPlatform.CommunicationUtilities.TestRequestSender+<>c__DisplayClass34_0., took 0 ms.
TpTrace Verbose: 0 : 26804, 7, 2024/07/17, 23:46:25.443, 2950566155603, vstest.console.dll, TcpClientExtensions.MessageLoopAsync: Polling on remoteEndPoint: 127.0.0.1:60333 localEndPoint: 127.0.0.1:60332 after 0 ms
TpTrace Verbose: 0 : 26804, 7, 2024/07/17, 23:46:25.443, 2950566155819, vstest.console.dll, TcpClientExtensions.MessageLoopAsync: NotifyDataAvailable remoteEndPoint: 127.0.0.1:60333 localEndPoint: 127.0.0.1:60332
TpTrace Verbose: 0 : 26804, 7, 2024/07/17, 23:46:25.443, 2950566156043, vstest.console.dll, TestRequestSender.OnExecutionMessageReceived: Received message: {"Version":7,"MessageType":"TestSession.Message","Payload":{"MessageLevel":0,"Message":"[xUnit.net 00:00:01.22]         --- End of stack trace from previous location ---"}}
TpTrace Verbose: 0 : 26804, 4, 2024/07/17, 23:46:25.443, 2950566155349, vstest.console.dll, MulticastDelegateUtilities.SafeInvoke: InternalTestLoggerEvents.SendTestRunMessage: Invoking callback 1/1 for Microsoft.VisualStudio.TestPlatform.CommandLine.Internal.ConsoleLogger., took 0 ms.
TpTrace Verbose: 0 : 26804, 7, 2024/07/17, 23:46:25.443, 2950566156431, vstest.console.dll, TestRunRequest:SendTestRunMessage: Starting.
TpTrace Verbose: 0 : 26804, 7, 2024/07/17, 23:46:25.443, 2950566157436, vstest.console.dll, MulticastDelegateUtilities.SafeInvoke: TestRun.LogMessages: Invoking callback 1/1 for Microsoft.VisualStudio.TestPlatform.CommandLine.TestRunResultAggregator., took 0 ms.
TpTrace Information: 0 : 26804, 7, 2024/07/17, 23:46:25.444, 2950566157901, vstest.console.dll, TestRunRequest:SendTestRunMessage: Completed.
TpTrace Verbose: 0 : 26804, 7, 2024/07/17, 23:46:25.444, 2950566158162, vstest.console.dll, MulticastDelegateUtilities.SafeInvoke: LengthPrefixCommunicationChannel: MessageReceived: Invoking callback 1/1 for Microsoft.VisualStudio.TestPlatform.CommunicationUtilities.TestRequestSender+<>c__DisplayClass34_0., took 0 ms.
TpTrace Verbose: 0 : 26804, 7, 2024/07/17, 23:46:25.444, 2950566158426, vstest.console.dll, TcpClientExtensions.MessageLoopAsync: Polling on remoteEndPoint: 127.0.0.1:60333 localEndPoint: 127.0.0.1:60332 after 0 ms
TpTrace Verbose: 0 : 26804, 4, 2024/07/17, 23:46:25.444, 2950566157492, vstest.console.dll, MulticastDelegateUtilities.SafeInvoke: InternalTestLoggerEvents.SendTestRunMessage: Invoking callback 1/1 for Microsoft.VisualStudio.TestPlatform.CommandLine.Internal.ConsoleLogger., took 0 ms.
TpTrace Verbose: 0 : 26804, 7, 2024/07/17, 23:46:25.475, 2950566477056, vstest.console.dll, TcpClientExtensions.MessageLoopAsync: NotifyDataAvailable remoteEndPoint: 127.0.0.1:60333 localEndPoint: 127.0.0.1:60332
TpTrace Verbose: 0 : 26804, 7, 2024/07/17, 23:46:25.476, 2950566478121, vstest.console.dll, TestRequestSender.OnExecutionMessageReceived: Received message: {"Version":7,"MessageType":"TestSession.Message","Payload":{"MessageLevel":2,"Message":"[xUnit.net 00:00:01.25]     stargate.tests.CreateAstronautDutyTests.Handle_CreateNewAstronautDutyAndUpdateAstronautDetail [FAIL]"}}
TpTrace Verbose: 0 : 26804, 7, 2024/07/17, 23:46:25.476, 2950566478878, vstest.console.dll, TestRunRequest:SendTestRunMessage: Starting.
TpTrace Verbose: 0 : 26804, 7, 2024/07/17, 23:46:25.476, 2950566479279, vstest.console.dll, MulticastDelegateUtilities.SafeInvoke: TestRun.LogMessages: Invoking callback 1/1 for Microsoft.VisualStudio.TestPlatform.CommandLine.TestRunResultAggregator., took 0 ms.
TpTrace Information: 0 : 26804, 7, 2024/07/17, 23:46:25.476, 2950566479437, vstest.console.dll, TestRunRequest:SendTestRunMessage: Completed.
TpTrace Verbose: 0 : 26804, 7, 2024/07/17, 23:46:25.476, 2950566479562, vstest.console.dll, MulticastDelegateUtilities.SafeInvoke: LengthPrefixCommunicationChannel: MessageReceived: Invoking callback 1/1 for Microsoft.VisualStudio.TestPlatform.CommunicationUtilities.TestRequestSender+<>c__DisplayClass34_0., took 0 ms.
TpTrace Verbose: 0 : 26804, 7, 2024/07/17, 23:46:25.476, 2950566479732, vstest.console.dll, TcpClientExtensions.MessageLoopAsync: Polling on remoteEndPoint: 127.0.0.1:60333 localEndPoint: 127.0.0.1:60332 after 32 ms
TpTrace Verbose: 0 : 26804, 7, 2024/07/17, 23:46:25.476, 2950566479933, vstest.console.dll, TcpClientExtensions.MessageLoopAsync: NotifyDataAvailable remoteEndPoint: 127.0.0.1:60333 localEndPoint: 127.0.0.1:60332
TpTrace Verbose: 0 : 26804, 7, 2024/07/17, 23:46:25.476, 2950566480123, vstest.console.dll, TestRequestSender.OnExecutionMessageReceived: Received message: {"Version":7,"MessageType":"TestSession.Message","Payload":{"MessageLevel":0,"Message":"[xUnit.net 00:00:01.25]       Assert.Equal() Failure: Values differ"}}
TpTrace Verbose: 0 : 26804, 7, 2024/07/17, 23:46:25.476, 2950566480363, vstest.console.dll, TestRunRequest:SendTestRunMessage: Starting.
TpTrace Verbose: 0 : 26804, 4, 2024/07/17, 23:46:25.476, 2950566480387, vstest.console.dll, MulticastDelegateUtilities.SafeInvoke: InternalTestLoggerEvents.SendTestRunMessage: Invoking callback 1/1 for Microsoft.VisualStudio.TestPlatform.CommandLine.Internal.ConsoleLogger., took 0 ms.
TpTrace Verbose: 0 : 26804, 7, 2024/07/17, 23:46:25.476, 2950566480981, vstest.console.dll, MulticastDelegateUtilities.SafeInvoke: TestRun.LogMessages: Invoking callback 1/1 for Microsoft.VisualStudio.TestPlatform.CommandLine.TestRunResultAggregator., took 0 ms.
TpTrace Information: 0 : 26804, 7, 2024/07/17, 23:46:25.476, 2950566481246, vstest.console.dll, TestRunRequest:SendTestRunMessage: Completed.
TpTrace Verbose: 0 : 26804, 7, 2024/07/17, 23:46:25.476, 2950566481376, vstest.console.dll, MulticastDelegateUtilities.SafeInvoke: LengthPrefixCommunicationChannel: MessageReceived: Invoking callback 1/1 for Microsoft.VisualStudio.TestPlatform.CommunicationUtilities.TestRequestSender+<>c__DisplayClass34_0., took 0 ms.
TpTrace Verbose: 0 : 26804, 7, 2024/07/17, 23:46:25.476, 2950566481513, vstest.console.dll, TcpClientExtensions.MessageLoopAsync: Polling on remoteEndPoint: 127.0.0.1:60333 localEndPoint: 127.0.0.1:60332 after 0 ms
TpTrace Verbose: 0 : 26804, 7, 2024/07/17, 23:46:25.476, 2950566481682, vstest.console.dll, TcpClientExtensions.MessageLoopAsync: NotifyDataAvailable remoteEndPoint: 127.0.0.1:60333 localEndPoint: 127.0.0.1:60332
TpTrace Verbose: 0 : 26804, 7, 2024/07/17, 23:46:25.476, 2950566482977, vstest.console.dll, TestRequestSender.OnExecutionMessageReceived: Received message: {"Version":7,"MessageType":"TestSession.Message","Payload":{"MessageLevel":0,"Message":"[xUnit.net 00:00:01.25]       Expected: 2025-01-01T00:00:00.0000000"}}
TpTrace Verbose: 0 : 26804, 4, 2024/07/17, 23:46:25.476, 2950566482220, vstest.console.dll, MulticastDelegateUtilities.SafeInvoke: InternalTestLoggerEvents.SendTestRunMessage: Invoking callback 1/1 for Microsoft.VisualStudio.TestPlatform.CommandLine.Internal.ConsoleLogger., took 0 ms.
TpTrace Verbose: 0 : 26804, 7, 2024/07/17, 23:46:25.476, 2950566483393, vstest.console.dll, TestRunRequest:SendTestRunMessage: Starting.
TpTrace Verbose: 0 : 26804, 7, 2024/07/17, 23:46:25.476, 2950566484794, vstest.console.dll, MulticastDelegateUtilities.SafeInvoke: TestRun.LogMessages: Invoking callback 1/1 for Microsoft.VisualStudio.TestPlatform.CommandLine.TestRunResultAggregator., took 0 ms.
TpTrace Information: 0 : 26804, 7, 2024/07/17, 23:46:25.476, 2950566484996, vstest.console.dll, TestRunRequest:SendTestRunMessage: Completed.
TpTrace Verbose: 0 : 26804, 7, 2024/07/17, 23:46:25.476, 2950566485113, vstest.console.dll, MulticastDelegateUtilities.SafeInvoke: LengthPrefixCommunicationChannel: MessageReceived: Invoking callback 1/1 for Microsoft.VisualStudio.TestPlatform.CommunicationUtilities.TestRequestSender+<>c__DisplayClass34_0., took 0 ms.
TpTrace Verbose: 0 : 26804, 7, 2024/07/17, 23:46:25.476, 2950566485242, vstest.console.dll, TcpClientExtensions.MessageLoopAsync: Polling on remoteEndPoint: 127.0.0.1:60333 localEndPoint: 127.0.0.1:60332 after 0 ms
TpTrace Verbose: 0 : 26804, 4, 2024/07/17, 23:46:25.476, 2950566485358, vstest.console.dll, MulticastDelegateUtilities.SafeInvoke: InternalTestLoggerEvents.SendTestRunMessage: Invoking callback 1/1 for Microsoft.VisualStudio.TestPlatform.CommandLine.Internal.ConsoleLogger., took 0 ms.
TpTrace Verbose: 0 : 26804, 7, 2024/07/17, 23:46:25.476, 2950566485428, vstest.console.dll, TcpClientExtensions.MessageLoopAsync: NotifyDataAvailable remoteEndPoint: 127.0.0.1:60333 localEndPoint: 127.0.0.1:60332
TpTrace Verbose: 0 : 26804, 7, 2024/07/17, 23:46:25.476, 2950566486282, vstest.console.dll, TestRequestSender.OnExecutionMessageReceived: Received message: {"Version":7,"MessageType":"TestSession.Message","Payload":{"MessageLevel":0,"Message":"[xUnit.net 00:00:01.25]       Actual:   2024-07-17T23:46:25.1805796"}}
TpTrace Verbose: 0 : 26804, 7, 2024/07/17, 23:46:25.476, 2950566486634, vstest.console.dll, TestRunRequest:SendTestRunMessage: Starting.
TpTrace Verbose: 0 : 26804, 7, 2024/07/17, 23:46:25.476, 2950566486951, vstest.console.dll, MulticastDelegateUtilities.SafeInvoke: TestRun.LogMessages: Invoking callback 1/1 for Microsoft.VisualStudio.TestPlatform.CommandLine.TestRunResultAggregator., took 0 ms.
TpTrace Information: 0 : 26804, 7, 2024/07/17, 23:46:25.476, 2950566487130, vstest.console.dll, TestRunRequest:SendTestRunMessage: Completed.
TpTrace Verbose: 0 : 26804, 7, 2024/07/17, 23:46:25.476, 2950566487241, vstest.console.dll, MulticastDelegateUtilities.SafeInvoke: LengthPrefixCommunicationChannel: MessageReceived: Invoking callback 1/1 for Microsoft.VisualStudio.TestPlatform.CommunicationUtilities.TestRequestSender+<>c__DisplayClass34_0., took 0 ms.
TpTrace Verbose: 0 : 26804, 7, 2024/07/17, 23:46:25.476, 2950566487385, vstest.console.dll, TcpClientExtensions.MessageLoopAsync: Polling on remoteEndPoint: 127.0.0.1:60333 localEndPoint: 127.0.0.1:60332 after 0 ms
TpTrace Verbose: 0 : 26804, 7, 2024/07/17, 23:46:25.477, 2950566487554, vstest.console.dll, TcpClientExtensions.MessageLoopAsync: NotifyDataAvailable remoteEndPoint: 127.0.0.1:60333 localEndPoint: 127.0.0.1:60332
TpTrace Verbose: 0 : 26804, 7, 2024/07/17, 23:46:25.477, 2950566487755, vstest.console.dll, TestRequestSender.OnExecutionMessageReceived: Received message: {"Version":7,"MessageType":"TestSession.Message","Payload":{"MessageLevel":0,"Message":"[xUnit.net 00:00:01.25]       Stack Trace:"}}
TpTrace Verbose: 0 : 26804, 7, 2024/07/17, 23:46:25.477, 2950566488096, vstest.console.dll, TestRunRequest:SendTestRunMessage: Starting.
TpTrace Verbose: 0 : 26804, 7, 2024/07/17, 23:46:25.477, 2950566488253, vstest.console.dll, MulticastDelegateUtilities.SafeInvoke: TestRun.LogMessages: Invoking callback 1/1 for Microsoft.VisualStudio.TestPlatform.CommandLine.TestRunResultAggregator., took 0 ms.
TpTrace Information: 0 : 26804, 7, 2024/07/17, 23:46:25.477, 2950566488373, vstest.console.dll, TestRunRequest:SendTestRunMessage: Completed.
TpTrace Verbose: 0 : 26804, 7, 2024/07/17, 23:46:25.477, 2950566488519, vstest.console.dll, MulticastDelegateUtilities.SafeInvoke: LengthPrefixCommunicationChannel: MessageReceived: Invoking callback 1/1 for Microsoft.VisualStudio.TestPlatform.CommunicationUtilities.TestRequestSender+<>c__DisplayClass34_0., took 0 ms.
TpTrace Verbose: 0 : 26804, 7, 2024/07/17, 23:46:25.477, 2950566488643, vstest.console.dll, TcpClientExtensions.MessageLoopAsync: Polling on remoteEndPoint: 127.0.0.1:60333 localEndPoint: 127.0.0.1:60332 after 0 ms
TpTrace Verbose: 0 : 26804, 7, 2024/07/17, 23:46:25.477, 2950566488789, vstest.console.dll, TcpClientExtensions.MessageLoopAsync: NotifyDataAvailable remoteEndPoint: 127.0.0.1:60333 localEndPoint: 127.0.0.1:60332
TpTrace Verbose: 0 : 26804, 4, 2024/07/17, 23:46:25.477, 2950566487550, vstest.console.dll, MulticastDelegateUtilities.SafeInvoke: InternalTestLoggerEvents.SendTestRunMessage: Invoking callback 1/1 for Microsoft.VisualStudio.TestPlatform.CommandLine.Internal.ConsoleLogger., took 0 ms.
TpTrace Verbose: 0 : 26804, 7, 2024/07/17, 23:46:25.477, 2950566489010, vstest.console.dll, TestRequestSender.OnExecutionMessageReceived: Received message: {"Version":7,"MessageType":"TestSession.Message","Payload":{"MessageLevel":0,"Message":"[xUnit.net 00:00:01.25]         C:\\Users\\liton\\OneDrive\\Desktop\\tech_review\\tech_exercise_v.0.0.4\\tech_exercise\\package\\exercise1\\stargate.tests\\CreateAstronautDutyTests.cs(85,0): at stargate.tests.CreateAstronautDutyTests.Handle_CreateNewAstronautDutyAndUpdateAstronautDetail()"}}
TpTrace Verbose: 0 : 26804, 4, 2024/07/17, 23:46:25.477, 2950566489591, vstest.console.dll, MulticastDelegateUtilities.SafeInvoke: InternalTestLoggerEvents.SendTestRunMessage: Invoking callback 1/1 for Microsoft.VisualStudio.TestPlatform.CommandLine.Internal.ConsoleLogger., took 0 ms.
TpTrace Verbose: 0 : 26804, 7, 2024/07/17, 23:46:25.477, 2950566489880, vstest.console.dll, TestRunRequest:SendTestRunMessage: Starting.
TpTrace Verbose: 0 : 26804, 7, 2024/07/17, 23:46:25.477, 2950566490088, vstest.console.dll, MulticastDelegateUtilities.SafeInvoke: TestRun.LogMessages: Invoking callback 1/1 for Microsoft.VisualStudio.TestPlatform.CommandLine.TestRunResultAggregator., took 0 ms.
TpTrace Information: 0 : 26804, 7, 2024/07/17, 23:46:25.477, 2950566490230, vstest.console.dll, TestRunRequest:SendTestRunMessage: Completed.
TpTrace Verbose: 0 : 26804, 7, 2024/07/17, 23:46:25.477, 2950566490352, vstest.console.dll, MulticastDelegateUtilities.SafeInvoke: LengthPrefixCommunicationChannel: MessageReceived: Invoking callback 1/1 for Microsoft.VisualStudio.TestPlatform.CommunicationUtilities.TestRequestSender+<>c__DisplayClass34_0., took 0 ms.
TpTrace Verbose: 0 : 26804, 7, 2024/07/17, 23:46:25.477, 2950566490498, vstest.console.dll, TcpClientExtensions.MessageLoopAsync: Polling on remoteEndPoint: 127.0.0.1:60333 localEndPoint: 127.0.0.1:60332 after 0 ms
TpTrace Verbose: 0 : 26804, 7, 2024/07/17, 23:46:25.477, 2950566490685, vstest.console.dll, TcpClientExtensions.MessageLoopAsync: NotifyDataAvailable remoteEndPoint: 127.0.0.1:60333 localEndPoint: 127.0.0.1:60332
TpTrace Verbose: 0 : 26804, 7, 2024/07/17, 23:46:25.477, 2950566490868, vstest.console.dll, TestRequestSender.OnExecutionMessageReceived: Received message: {"Version":7,"MessageType":"TestSession.Message","Payload":{"MessageLevel":0,"Message":"[xUnit.net 00:00:01.25]         --- End of stack trace from previous location ---"}}
TpTrace Verbose: 0 : 26804, 4, 2024/07/17, 23:46:25.477, 2950566490960, vstest.console.dll, MulticastDelegateUtilities.SafeInvoke: InternalTestLoggerEvents.SendTestRunMessage: Invoking callback 1/1 for Microsoft.VisualStudio.TestPlatform.CommandLine.Internal.ConsoleLogger., took 0 ms.
TpTrace Verbose: 0 : 26804, 7, 2024/07/17, 23:46:25.477, 2950566491163, vstest.console.dll, TestRunRequest:SendTestRunMessage: Starting.
TpTrace Verbose: 0 : 26804, 7, 2024/07/17, 23:46:25.477, 2950566491695, vstest.console.dll, MulticastDelegateUtilities.SafeInvoke: TestRun.LogMessages: Invoking callback 1/1 for Microsoft.VisualStudio.TestPlatform.CommandLine.TestRunResultAggregator., took 0 ms.
TpTrace Information: 0 : 26804, 7, 2024/07/17, 23:46:25.477, 2950566491842, vstest.console.dll, TestRunRequest:SendTestRunMessage: Completed.
TpTrace Verbose: 0 : 26804, 7, 2024/07/17, 23:46:25.477, 2950566491961, vstest.console.dll, MulticastDelegateUtilities.SafeInvoke: LengthPrefixCommunicationChannel: MessageReceived: Invoking callback 1/1 for Microsoft.VisualStudio.TestPlatform.CommunicationUtilities.TestRequestSender+<>c__DisplayClass34_0., took 0 ms.
TpTrace Verbose: 0 : 26804, 7, 2024/07/17, 23:46:25.477, 2950566492090, vstest.console.dll, TcpClientExtensions.MessageLoopAsync: Polling on remoteEndPoint: 127.0.0.1:60333 localEndPoint: 127.0.0.1:60332 after 0 ms
TpTrace Verbose: 0 : 26804, 4, 2024/07/17, 23:46:25.477, 2950566492402, vstest.console.dll, MulticastDelegateUtilities.SafeInvoke: InternalTestLoggerEvents.SendTestRunMessage: Invoking callback 1/1 for Microsoft.VisualStudio.TestPlatform.CommandLine.Internal.ConsoleLogger., took 0 ms.
TpTrace Verbose: 0 : 26804, 7, 2024/07/17, 23:46:25.478, 2950566507295, vstest.console.dll, TcpClientExtensions.MessageLoopAsync: NotifyDataAvailable remoteEndPoint: 127.0.0.1:60333 localEndPoint: 127.0.0.1:60332
TpTrace Verbose: 0 : 26804, 7, 2024/07/17, 23:46:25.479, 2950566508295, vstest.console.dll, TestRequestSender.OnExecutionMessageReceived: Received message: {"Version":7,"MessageType":"TestSession.Message","Payload":{"MessageLevel":0,"Message":"[xUnit.net 00:00:01.26]   Finished:    stargate.tests"}}
TpTrace Verbose: 0 : 26804, 7, 2024/07/17, 23:46:25.479, 2950566509118, vstest.console.dll, TestRunRequest:SendTestRunMessage: Starting.
TpTrace Verbose: 0 : 26804, 7, 2024/07/17, 23:46:25.479, 2950566509479, vstest.console.dll, MulticastDelegateUtilities.SafeInvoke: TestRun.LogMessages: Invoking callback 1/1 for Microsoft.VisualStudio.TestPlatform.CommandLine.TestRunResultAggregator., took 0 ms.
TpTrace Information: 0 : 26804, 7, 2024/07/17, 23:46:25.479, 2950566509642, vstest.console.dll, TestRunRequest:SendTestRunMessage: Completed.
TpTrace Verbose: 0 : 26804, 4, 2024/07/17, 23:46:25.479, 2950566509669, vstest.console.dll, MulticastDelegateUtilities.SafeInvoke: InternalTestLoggerEvents.SendTestRunMessage: Invoking callback 1/1 for Microsoft.VisualStudio.TestPlatform.CommandLine.Internal.ConsoleLogger., took 0 ms.
TpTrace Verbose: 0 : 26804, 7, 2024/07/17, 23:46:25.479, 2950566509769, vstest.console.dll, MulticastDelegateUtilities.SafeInvoke: LengthPrefixCommunicationChannel: MessageReceived: Invoking callback 1/1 for Microsoft.VisualStudio.TestPlatform.CommunicationUtilities.TestRequestSender+<>c__DisplayClass34_0., took 0 ms.
TpTrace Verbose: 0 : 26804, 7, 2024/07/17, 23:46:25.479, 2950566511616, vstest.console.dll, TcpClientExtensions.MessageLoopAsync: Polling on remoteEndPoint: 127.0.0.1:60333 localEndPoint: 127.0.0.1:60332 after 1 ms
TpTrace Verbose: 0 : 26804, 7, 2024/07/17, 23:46:25.504, 2950566763576, vstest.console.dll, TcpClientExtensions.MessageLoopAsync: NotifyDataAvailable remoteEndPoint: 127.0.0.1:60333 localEndPoint: 127.0.0.1:60332
TpTrace Verbose: 0 : 26804, 7, 2024/07/17, 23:46:25.504, 2950566765360, vstest.console.dll, TestRequestSender.OnExecutionMessageReceived: Received message: {"Version":7,"MessageType":"TestExecution.Completed","Payload":{"TestRunCompleteArgs":{"TestRunStatistics":{"ExecutedTests":4,"Stats":{"Failed":3,"Passed":1}},"IsCanceled":false,"IsAborted":false,"Error":null,"AttachmentSets":[],"InvokedDataCollectors":[],"ElapsedTimeInRunningTests":"00:00:01.2674153","Metrics":{},"DiscoveredExtensions":{"TestDiscoverers":["Xunit.Runner.VisualStudio.VsTestRunner, xunit.runner.visualstudio.testadapter, Version=2.8.2.0, Culture=neutral, PublicKeyToken=null"],"TestExecutors":["executor://xunit/VsTestRunner2/netcoreapp"],"TestExecutors2":[],"TestSettingsProviders":[]}},"LastRunTests":{"NewTestResults":[{"TestCase":{"Id":"4556c696-65fa-00ce-9657-23d92e929a53","FullyQualifiedName":"stargate.tests.AstronautDutyControllersTest.GetAstronautDutiesByName_ReturnSuccess","DisplayName":"stargate.tests.AstronautDutyControllersTest.GetAstronautDutiesByName_ReturnSuccess","ExecutorUri":"executor://xunit/VsTestRunner2/netcoreapp","Source":"C:\\Users\\liton\\OneDrive\\Desktop\\tech_review\\tech_exercise_v.0.0.4\\tech_exercise\\package\\exercise1\\stargate.tests\\bin\\Debug\\net8.0\\fine-code-coverage\\build-output\\stargate.tests.dll","CodeFilePath":null,"LineNumber":0,"Properties":[]},"Attachments":[],"Outcome":2,"ErrorMessage":"Assert.IsType() Failure: Value is not the exact type\r\nExpected: typeof(Microsoft.AspNetCore.Mvc.OkObjectResult)\r\nActual:   typeof(Microsoft.AspNetCore.Mvc.ObjectResult)","ErrorStackTrace":"   at stargate.tests.AstronautDutyControllersTest.GetAstronautDutiesByName_ReturnSuccess() in C:\\Users\\liton\\OneDrive\\Desktop\\tech_review\\tech_exercise_v.0.0.4\\tech_exercise\\package\\exercise1\\stargate.tests\\UnitTest1.cs:line 40\r\n--- End of stack trace from previous location ---","DisplayName":"stargate.tests.AstronautDutyControllersTest.GetAstronautDutiesByName_ReturnSuccess","Messages":[],"ComputerName":"MSI","Duration":"00:00:00.0500564","StartTime":"2024-07-18T03:46:24.8831281+00:00","EndTime":"2024-07-18T03:46:24.8831549+00:00","Properties":[]},{"TestCase":{"Id":"5cc184c9-9589-3263-0500-02b841e80a0f","FullyQualifiedName":"stargate.tests.AstronautDutyControllersTest.GetAstronautDutiesByName_ReturnsInternalServerError_OnException","DisplayName":"stargate.tests.AstronautDutyControllersTest.GetAstronautDutiesByName_ReturnsInternalServerError_OnException","ExecutorUri":"executor://xunit/VsTestRunner2/netcoreapp","Source":"C:\\Users\\liton\\OneDrive\\Desktop\\tech_review\\tech_exercise_v.0.0.4\\tech_exercise\\package\\exercise1\\stargate.tests\\bin\\Debug\\net8.0\\fine-code-coverage\\build-output\\stargate.tests.dll","CodeFilePath":null,"LineNumber":0,"Properties":[]},"Attachments":[],"Outcome":1,"ErrorMessage":null,"ErrorStackTrace":null,"DisplayName":"stargate.tests.AstronautDutyControllersTest.GetAstronautDutiesByName_ReturnsInternalServerError_OnException","Messages":[],"ComputerName":"MSI","Duration":"00:00:00.0047323","StartTime":"2024-07-18T03:46:24.8941335+00:00","EndTime":"2024-07-18T03:46:24.8941336+00:00","Properties":[]},{"TestCase":{"Id":"ebebd02c-678a-e933-13ed-6f46b73bfd3a","FullyQualifiedName":"stargate.tests.CreateAstronautDutyTests.Handle_CreateNewAstronautDutyAndCreateNewAstronautDetail","DisplayName":"stargate.tests.CreateAstronautDutyTests.Handle_CreateNewAstronautDutyAndCreateNewAstronautDetail","ExecutorUri":"executor://xunit/VsTestRunner2/netcoreapp","Source":"C:\\Users\\liton\\OneDrive\\Desktop\\tech_review\\tech_exercise_v.0.0.4\\tech_exercise\\package\\exercise1\\stargate.tests\\bin\\Debug\\net8.0\\fine-code-coverage\\build-output\\stargate.tests.dll","CodeFilePath":null,"LineNumber":0,"Properties":[]},"Attachments":[],"Outcome":2,"ErrorMessage":"Assert.Equal() Failure: Strings differ\r\n            (pos 0)\r\nExpected: \"Engineer\"\r\nActual:   \"Commander\"\r\n            (pos 0)","ErrorStackTrace":"   at stargate.tests.CreateAstronautDutyTests.Handle_CreateNewAstronautDutyAndCreateNewAstronautDetail() in C:\\Users\\liton\\OneDrive\\Desktop\\tech_review\\tech_exercise_v.0.0.4\\tech_exercise\\package\\exercise1\\stargate.tests\\CreateAstronautDutyTests.cs:line 118\r\n--- End of stack trace from previous location ---","DisplayName":"stargate.tests.CreateAstronautDutyTests.Handle_CreateNewAstronautDutyAndCreateNewAstronautDetail","Messages":[],"ComputerName":"MSI","Duration":"00:00:00.6202871","StartTime":"2024-07-18T03:46:25.4419267+00:00","EndTime":"2024-07-18T03:46:25.4419268+00:00","Properties":[]},{"TestCase":{"Id":"fc13aa54-84c8-8e05-aac8-74588a872ce5","FullyQualifiedName":"stargate.tests.CreateAstronautDutyTests.Handle_CreateNewAstronautDutyAndUpdateAstronautDetail","DisplayName":"stargate.tests.CreateAstronautDutyTests.Handle_CreateNewAstronautDutyAndUpdateAstronautDetail","ExecutorUri":"executor://xunit/VsTestRunner2/netcoreapp","Source":"C:\\Users\\liton\\OneDrive\\Desktop\\tech_review\\tech_exercise_v.0.0.4\\tech_exercise\\package\\exercise1\\stargate.tests\\bin\\Debug\\net8.0\\fine-code-coverage\\build-output\\stargate.tests.dll","CodeFilePath":null,"LineNumber":0,"Properties":[]},"Attachments":[],"Outcome":2,"ErrorMessage":"Assert.Equal() Failure: Values differ\r\nExpected: 2025-01-01T00:00:00.0000000\r\nActual:   2024-07-17T23:46:25.1805796","ErrorStackTrace":"   at stargate.tests.CreateAstronautDutyTests.Handle_CreateNewAstronautDutyAndUpdateAstronautDetail() in C:\\Users\\liton\\OneDrive\\Desktop\\tech_review\\tech_exercise_v.0.0.4\\tech_exercise\\package\\exercise1\\stargate.tests\\CreateAstronautDutyTests.cs:line 85\r\n--- End of stack trace from previous location ---","DisplayName":"stargate.tests.CreateAstronautDutyTests.Handle_CreateNewAstronautDutyAndUpdateAstronautDetail","Messages":[],"ComputerName":"MSI","Duration":"00:00:00.0347429","StartTime":"2024-07-18T03:46:25.4765555+00:00","EndTime":"2024-07-18T03:46:25.4765556+00:00","Properties":[]}],"TestRunStatistics":{"ExecutedTests":4,"Stats":{"Failed":3,"Passed":1}},"ActiveTests":[]},"RunAttachments":[],"ExecutorUris":["executor://xunit/VsTestRunner2/netcoreapp"]}}
TpTrace Verbose: 0 : 26804, 7, 2024/07/17, 23:46:25.504, 2950566766679, vstest.console.dll, TestRequestSender.EndSession: Sending end session.
TpTrace Verbose: 0 : 26804, 7, 2024/07/17, 23:46:25.505, 2950566768117, vstest.console.dll, ProxyOperationManager.Close: waiting for test host to exit for 100 ms
TpTrace Verbose: 0 : 26804, 13, 2024/07/17, 23:46:25.516, 2950566882715, vstest.console.dll, TestHostManagerCallbacks.ctor: Experimental forwarding output is disabled.
TpTrace Warning: 0 : 26804, 13, 2024/07/17, 23:46:25.516, 2950566883645, vstest.console.dll, TestHostManagerCallbacks.ErrorReceivedCallback Test host standard error line: 
TpTrace Verbose: 0 : 26804, 13, 2024/07/17, 23:46:25.531, 2950567029934, vstest.console.dll, TestHostProvider.ExitCallBack: Host exited starting callback.
TpTrace Information: 0 : 26804, 13, 2024/07/17, 23:46:25.531, 2950567031173, vstest.console.dll, TestHostManagerCallbacks.ExitCallBack: Testhost processId: 43492 exited with exitcode: 0 error: ''
TpTrace Verbose: 0 : 26804, 13, 2024/07/17, 23:46:25.531, 2950567031403, vstest.console.dll, DotnetTestHostManager.OnHostExited: invoking OnHostExited callback
TpTrace Verbose: 0 : 26804, 13, 2024/07/17, 23:46:25.531, 2950567031643, vstest.console.dll, CrossPlatEngine.TestHostManagerHostExited: calling on client process exit callback.
TpTrace Information: 0 : 26804, 13, 2024/07/17, 23:46:25.531, 2950567031963, vstest.console.dll, TestRequestSender.OnClientProcessExit: Test host process exited. Standard error: 
TpTrace Information: 0 : 26804, 13, 2024/07/17, 23:46:25.531, 2950567032197, vstest.console.dll, SocketServer.Stop: Stop server endPoint: 127.0.0.1:60332
TpTrace Information: 0 : 26804, 13, 2024/07/17, 23:46:25.531, 2950567032336, vstest.console.dll, SocketServer.Stop: Cancellation requested. Stopping message loop.
TpTrace Information: 0 : 26804, 7, 2024/07/17, 23:46:25.531, 2950567032693, vstest.console.dll, SocketServer.Stop: Stop server endPoint: 127.0.0.1:60332
TpTrace Verbose: 0 : 26804, 13, 2024/07/17, 23:46:25.531, 2950567032988, vstest.console.dll, MulticastDelegateUtilities.SafeInvoke: HostProviderEvents.OnHostExited: Invoking callback 1/1 for Microsoft.VisualStudio.TestPlatform.CrossPlatEngine.Client.ProxyOperationManager., took 0 ms.
TpTrace Information: 0 : 26804, 7, 2024/07/17, 23:46:25.531, 2950567033219, vstest.console.dll, SocketServer.Stop: Cancellation requested. Stopping message loop.
TpTrace Information: 0 : 26804, 7, 2024/07/17, 23:46:25.531, 2950567033638, vstest.console.dll, Closing the connection
TpTrace Verbose: 0 : 26804, 7, 2024/07/17, 23:46:25.531, 2950567034949, vstest.console.dll, ProxyDataCollectionManager.InvokeDataCollectionServiceAction: Starting.
TpTrace Information: 0 : 26804, 7, 2024/07/17, 23:46:25.531, 2950567035148, vstest.console.dll, ProxyDataCollectionManager.AfterTestRunEnd: Get attachment set and invoked data collectors processId: 15472 port: 60328
TpTrace Verbose: 0 : 26804, 7, 2024/07/17, 23:46:25.531, 2950567035511, vstest.console.dll, DataCollectionRequestSender.SendAfterTestRunStartAndGetResult: Send AfterTestRunEnd message with isCancelled: False
TpTrace Verbose: 0 : 26804, 7, 2024/07/17, 23:46:25.536, 2950567080856, vstest.console.dll, DataCollectionRequestSender.SendAfterTestRunStartAndGetResult: Received message: (DataCollection.AfterTestRunEndResult) -> {"MessageType":"DataCollection.AfterTestRunEndResult","Payload":{"AttachmentSets":[],"InvokedDataCollectors":[{"Uri":"datacollector://Microsoft/TestPlatform/Extensions/Blame/v1","FriendlyName":"Blame","AssemblyQualifiedName":"Microsoft.TestPlatform.Extensions.BlameDataCollector.BlameCollector, Microsoft.TestPlatform.Extensions.BlameDataCollector, Version=15.0.0.0, Culture=neutral, PublicKeyToken=b03f5f7f11d50a3a","FilePath":"C:\\Program Files\\dotnet\\sdk\\8.0.303\\Extensions\\Microsoft.TestPlatform.Extensions.BlameDataCollector.dll","HasAttachmentProcessor":false}],"Metrics":{}}}
TpTrace Information: 0 : 26804, 7, 2024/07/17, 23:46:25.541, 2950567133665, vstest.console.dll, ProxyDataCollectionManager.InvokeDataCollectionServiceAction: Completed.
TpTrace Warning: 0 : 26804, 11, 2024/07/17, 23:46:25.543, 2950567149534, vstest.console.dll, DataCollectionLauncher.ErrorReceivedCallback datacollector standard error line: 
TpTrace Information: 0 : 26804, 11, 2024/07/17, 23:46:25.548, 2950567206245, vstest.console.dll, DataCollectionLauncher.ExitCallBack: Data collector exited with exitcode: 0 error: ''
TpTrace Verbose: 0 : 26804, 7, 2024/07/17, 23:46:25.568, 2950567405488, vstest.console.dll, TestRunRequest:SendTestRunStatsChange: Starting.
TpTrace Verbose: 0 : 26804, 7, 2024/07/17, 23:46:25.568, 2950567406995, vstest.console.dll, MulticastDelegateUtilities.SafeInvoke: TestRun.RunStatsChanged: Invoking callbacks was skipped because there are no subscribers.
TpTrace Information: 0 : 26804, 7, 2024/07/17, 23:46:25.568, 2950567407259, vstest.console.dll, TestRunRequest:SendTestRunStatsChange: Completed.
TpTrace Verbose: 0 : 26804, 7, 2024/07/17, 23:46:25.569, 2950567408664, vstest.console.dll, ParallelProxyExecutionManager: HandlePartialRunComplete: Total workloads = 1, Total started clients = 1 Total completed clients = 1, Run complete = True, Run canceled: False.
TpTrace Verbose: 0 : 26804, 7, 2024/07/17, 23:46:25.569, 2950567408839, vstest.console.dll, ParallelProxyExecutionManager: HandlePartialRunComplete: All runs completed stopping all managers.
TpTrace Verbose: 0 : 26804, 7, 2024/07/17, 23:46:25.569, 2950567408989, vstest.console.dll, ParallelOperationManager.StopAllManagers: Stopping all managers.
TpTrace Verbose: 0 : 26804, 7, 2024/07/17, 23:46:25.569, 2950567409138, vstest.console.dll, ParallelOperationManager.ClearSlots: Clearing all slots. Slots should accept more work: False
TpTrace Verbose: 0 : 26804, 7, 2024/07/17, 23:46:25.569, 2950567409395, vstest.console.dll, ParallelOperationManager.SetOccupiedSlotCount: Setting slot counts AvailableSlotCount = 1, OccupiedSlotCount = 0.
TpTrace Verbose: 0 : 26804, 7, 2024/07/17, 23:46:25.569, 2950567409665, vstest.console.dll, Occupied slots:

TpTrace Verbose: 0 : 26804, 4, 2024/07/17, 23:46:25.570, 2950567418376, vstest.console.dll, MulticastDelegateUtilities.SafeInvoke: InternalTestLoggerEvents.SendTestResult: Invoking callback 1/1 for Microsoft.VisualStudio.TestPlatform.CommandLine.Internal.ConsoleLogger., took 1 ms.
TpTrace Verbose: 0 : 26804, 4, 2024/07/17, 23:46:25.570, 2950567420152, vstest.console.dll, MulticastDelegateUtilities.SafeInvoke: InternalTestLoggerEvents.SendTestResult: Invoking callback 1/1 for Microsoft.VisualStudio.TestPlatform.CommandLine.Internal.ConsoleLogger., took 0 ms.
TpTrace Verbose: 0 : 26804, 4, 2024/07/17, 23:46:25.570, 2950567421374, vstest.console.dll, MulticastDelegateUtilities.SafeInvoke: InternalTestLoggerEvents.SendTestResult: Invoking callback 1/1 for Microsoft.VisualStudio.TestPlatform.CommandLine.Internal.ConsoleLogger., took 0 ms.
TpTrace Verbose: 0 : 26804, 4, 2024/07/17, 23:46:25.571, 2950567427599, vstest.console.dll, MulticastDelegateUtilities.SafeInvoke: InternalTestLoggerEvents.SendTestResult: Invoking callback 1/1 for Microsoft.VisualStudio.TestPlatform.CommandLine.Internal.ConsoleLogger., took 0 ms.
TpTrace Verbose: 0 : 26804, 4, 2024/07/17, 23:46:25.573, 2950567453177, vstest.console.dll, MulticastDelegateUtilities.SafeInvoke: InternalTestLoggerEvents.SendTestRunComplete: Invoking callback 1/2 for Microsoft.TestPlatform.Extensions.BlameDataCollector.BlameLogger., took 0 ms.
TpTrace Verbose: 0 : 26804, 4, 2024/07/17, 23:46:25.576, 2950567481707, vstest.console.dll, MulticastDelegateUtilities.SafeInvoke: InternalTestLoggerEvents.SendTestRunComplete: Invoking callback 2/2 for Microsoft.VisualStudio.TestPlatform.CommandLine.Internal.ConsoleLogger., took 2 ms.
TpTrace Verbose: 0 : 26804, 7, 2024/07/17, 23:46:25.576, 2950567484426, vstest.console.dll, TestRunRequest:TestRunComplete: Starting. IsAborted:False IsCanceled:False.
TpTrace Verbose: 0 : 26804, 7, 2024/07/17, 23:46:25.576, 2950567485513, vstest.console.dll, ParallelOperationManager.DoActionOnAllManagers: Calling an action on all managers.
TpTrace Verbose: 0 : 26804, 7, 2024/07/17, 23:46:25.577, 2950567489912, vstest.console.dll, TestLoggerManager.HandleTestRunComplete: Ignoring as the object is disposed.
TpTrace Verbose: 0 : 26804, 7, 2024/07/17, 23:46:25.577, 2950567490832, vstest.console.dll, MulticastDelegateUtilities.SafeInvoke: TestRun.TestRunComplete: Invoking callback 1/2 for Microsoft.VisualStudio.TestPlatform.CommandLine.TestRunResultAggregator., took 0 ms.
TpTrace Verbose: 0 : 26804, 7, 2024/07/17, 23:46:25.577, 2950567491362, vstest.console.dll, MulticastDelegateUtilities.SafeInvoke: TestRun.TestRunComplete: Invoking callback 2/2 for Microsoft.VisualStudio.TestPlatform.CommandLine.Processors.RunTestsArgumentExecutor+TestRunRequestEventsRegistrar., took 0 ms.
TpTrace Information: 0 : 26804, 7, 2024/07/17, 23:46:25.577, 2950567491910, vstest.console.dll, TestRunRequest:TestRunComplete: Completed.
TpTrace Verbose: 0 : 26804, 7, 2024/07/17, 23:46:25.577, 2950567492110, vstest.console.dll, TestRequestSender.SetOperationComplete: Setting operation complete.
TpTrace Information: 0 : 26804, 7, 2024/07/17, 23:46:25.577, 2950567492241, vstest.console.dll, SocketServer.Stop: Stop server endPoint: 127.0.0.1:60332
TpTrace Information: 0 : 26804, 7, 2024/07/17, 23:46:25.577, 2950567492351, vstest.console.dll, SocketServer.Stop: Cancellation requested. Stopping message loop.
TpTrace Verbose: 0 : 26804, 1, 2024/07/17, 23:46:25.577, 2950567492361, vstest.console.dll, TestRunRequest.Dispose: Starting.
TpTrace Information: 0 : 26804, 1, 2024/07/17, 23:46:25.577, 2950567492898, vstest.console.dll, TestRunRequest.Dispose: Completed.
TpTrace Verbose: 0 : 26804, 7, 2024/07/17, 23:46:25.577, 2950567492486, vstest.console.dll, MulticastDelegateUtilities.SafeInvoke: LengthPrefixCommunicationChannel: MessageReceived: Invoking callback 1/1 for Microsoft.VisualStudio.TestPlatform.CommunicationUtilities.TestRequestSender+<>c__DisplayClass34_0., took 72 ms.
TpTrace Information: 0 : 26804, 1, 2024/07/17, 23:46:25.577, 2950567493152, vstest.console.dll, TestRequestManager.RunTests: run tests completed.
TpTrace Information: 0 : 26804, 7, 2024/07/17, 23:46:25.577, 2950567493537, vstest.console.dll, SocketServer.PrivateStop: Stopping server endPoint: 127.0.0.1:60332 error: 
TpTrace Information: 0 : 26804, 1, 2024/07/17, 23:46:25.577, 2950567493878, vstest.console.dll, RunTestsArgumentProcessor:Execute: Test run is completed.
TpTrace Verbose: 0 : 26804, 1, 2024/07/17, 23:46:25.577, 2950567495203, vstest.console.dll, Executor.Execute: Exiting with exit code of 1
TpTrace Verbose: 0 : 26804, 7, 2024/07/17, 23:46:25.577, 2950567496847, vstest.console.dll, LengthPrefixCommunicationChannel.Dispose: Dispose reader and writer.
TpTrace Information: 0 : 26804, 7, 2024/07/17, 23:46:25.577, 2950567497306, vstest.console.dll, SocketServer.Stop: Raise disconnected event endPoint: 127.0.0.1:60332 error: 
TpTrace Verbose: 0 : 26804, 7, 2024/07/17, 23:46:25.578, 2950567497696, vstest.console.dll, TestRequestSender: OnTestRunAbort: Operation is already complete. Skip error message.
TpTrace Verbose: 0 : 26804, 7, 2024/07/17, 23:46:25.578, 2950567497835, vstest.console.dll, MulticastDelegateUtilities.SafeInvoke: SocketServer: ClientDisconnected: Invoking callback 1/1 for Microsoft.VisualStudio.TestPlatform.CommunicationUtilities.TestRequestSender., took 0 ms.
TpTrace Verbose: 0 : 26804, 7, 2024/07/17, 23:46:25.578, 2950567497960, vstest.console.dll, TcpClientExtensions.MessageLoopAsync: exiting MessageLoopAsync remoteEndPoint: 127.0.0.1:60333 localEndPoint: 127.0.0.1:60332
